; Source: examples/fpga/gpio_ssd1306_movement.asm
0000  [28] mov prh, zero
      0000  B4  MOV PRH, ZERO
0001  [29] mov prl, zero
      0001  AC  MOV PRL, ZERO
0002  [30] mov marl, zero
      0002  9C  MOV MARL, ZERO
0003  [31] mov marh, zero
      0003  A4  MOV MARH, ZERO
0004  [33] ldi $SYS_LED_H
      0004  CC  LDL RA, #12
0005  [34] mov marh, ra
      0005  A0  MOV MARH, RA
0006  [35] ldi $SYS_LED_L
      0006  C0  LDL RA, #0
0007  [36] mov marl, ra
      0007  98  MOV MARL, RA
0008  [37] mov m, zero
      0008  BC  MOV M, ZERO
0009  [39] call oled_gpio_bus_init
      0009  DA  LDL RA, #26
      000A  36  LDH RA, #6
      000B  A8  MOV PRL, RA
      000C  B4  MOV PRH, ZERO
      000D  07  JAL
000E  [41] call oled_init_basic
      000E  C9  LDL RA, #9
      000F  36  LDH RA, #6
      0010  A8  MOV PRL, RA
      0011  C7  LDL RA, #7
      0012  B0  MOV PRH, RA
      0013  07  JAL
0014  [42] mov rd, rb
      0014  8A  MOV RD, RB
0015  [43] cmp zero
      0015  7C  CMP ZERO
0016  [44] jne fail
      0016  CB  LDL RA, #11
      0017  36  LDH RA, #6
      0018  A8  MOV PRL, RA
      0019  B4  MOV PRH, ZERO
      001A  19  JNE
001B  [47] mov rb, zero
      001B  94  MOV RB, ZERO
001C  [48] call oled_fill_screen
      001C  C7  LDL RA, #7
      001D  32  LDH RA, #2
      001E  A8  MOV PRL, RA
      001F  C8  LDL RA, #8
      0020  B0  MOV PRH, RA
      0021  07  JAL
0022  [49] mov rd, rb
      0022  8A  MOV RD, RB
0023  [50] cmp zero
      0023  7C  CMP ZERO
0024  [51] jne fail
      0024  CB  LDL RA, #11
      0025  36  LDH RA, #6
      0026  A8  MOV PRL, RA
      0027  B4  MOV PRH, ZERO
      0028  19  JNE
0029  [56] ldi $GPIO_BASE_H
      0029  C8  LDL RA, #8
002A  [57] mov marh, ra
      002A  A0  MOV MARH, RA
002B  [58] ldi $BUTTON_GPIO_IN_L
      002B  D2  LDL RA, #18
002C  [59] mov marl, ra
      002C  98  MOV MARL, RA
002D  [60] mov rd, m
      002D  8F  MOV RD, M
002E  [61] cmp zero
      002E  7C  CMP ZERO
002F  [62] jne MAIN_LOOP__WAIT_UNTIL_IDLE
      002F  C9  LDL RA, #9
      0030  31  LDH RA, #1
      0031  A8  MOV PRL, RA
      0032  B4  MOV PRH, ZERO
      0033  19  JNE
0034  [64] call debounce_delay
      0034  D2  LDL RA, #18
      0035  35  LDH RA, #5
      0036  A8  MOV PRL, RA
      0037  B4  MOV PRH, ZERO
      0038  07  JAL
0039  [65] ldi $GPIO_BASE_H
      0039  C8  LDL RA, #8
003A  [66] mov marh, ra
      003A  A0  MOV MARH, RA
003B  [67] ldi $BUTTON_GPIO_IN_L
      003B  D2  LDL RA, #18
003C  [68] mov marl, ra
      003C  98  MOV MARL, RA
003D  [69] mov rd, m
      003D  8F  MOV RD, M
003E  [70] cmp zero
      003E  7C  CMP ZERO
003F  [71] jne MAIN_LOOP__WAIT_UNTIL_IDLE
      003F  C9  LDL RA, #9
      0040  31  LDH RA, #1
      0041  A8  MOV PRL, RA
      0042  B4  MOV PRH, ZERO
      0043  19  JNE
0044  [74] ldi $GPIO_BASE_H
      0044  C8  LDL RA, #8
0045  [75] mov marh, ra
      0045  A0  MOV MARH, RA
0046  [76] ldi $BUTTON_GPIO_IN_L
      0046  D2  LDL RA, #18
0047  [77] mov marl, ra
      0047  98  MOV MARL, RA
0048  [79] mov rd, m
      0048  8F  MOV RD, M
0049  [80] cmp zero
      0049  7C  CMP ZERO
004A  [81] jeq MAIN_LOOP__WAIT_UNTIL_BUTTON
      004A  C4  LDL RA, #4
      004B  32  LDH RA, #2
      004C  A8  MOV PRL, RA
      004D  B4  MOV PRH, ZERO
      004E  18  JEQ
004F  [83] call debounce_delay
      004F  D2  LDL RA, #18
      0050  35  LDH RA, #5
      0051  A8  MOV PRL, RA
      0052  B4  MOV PRH, ZERO
      0053  07  JAL
0054  [84] ldi $GPIO_BASE_H
      0054  C8  LDL RA, #8
0055  [85] mov marh, ra
      0055  A0  MOV MARH, RA
0056  [86] ldi $BUTTON_GPIO_IN_L
      0056  D2  LDL RA, #18
0057  [87] mov marl, ra
      0057  98  MOV MARL, RA
0058  [88] mov rd, m
      0058  8F  MOV RD, M
0059  [89] cmp zero
      0059  7C  CMP ZERO
005A  [90] jeq MAIN_LOOP__WAIT_UNTIL_BUTTON
      005A  C4  LDL RA, #4
      005B  32  LDH RA, #2
      005C  A8  MOV PRL, RA
      005D  B4  MOV PRH, ZERO
      005E  18  JEQ
005F  [94] ldi $SQ_COL_ADDR_H
      005F  C0  LDL RA, #0
0060  [95] mov marh, ra
      0060  A0  MOV MARH, RA
0061  [96] ldi $SQ_COL_ADDR_L
      0061  C0  LDL RA, #0
      0062  31  LDH RA, #1
0063  [97] mov marl, ra
      0063  98  MOV MARL, RA
0064  [98] push marl
      0064  27  PUSH MARL
0065  [99] push marh
      0065  24  PUSH MARH
0066  [101] ldi #0xB0
      0066  D0  LDL RA, #16
      0067  35  LDH RA, #5
0068  [102] mov rb, ra
      0068  90  MOV RB, RA
0069  [103] mov rd, m
      0069  8F  MOV RD, M
006A  [104] ldi #8
      006A  C8  LDL RA, #8
006B  [105] push ra
      006B  20  PUSH RA
006C  [106] call oled_clear_square
      006C  D6  LDL RA, #22
      006D  31  LDH RA, #1
      006E  A8  MOV PRL, RA
      006F  C9  LDL RA, #9
      0070  B0  MOV PRH, RA
      0071  07  JAL
0072  [107] mov rd, rb
      0072  8A  MOV RD, RB
0073  [108] cmp zero
      0073  7C  CMP ZERO
0074  [109] jne fail
      0074  CB  LDL RA, #11
      0075  36  LDH RA, #6
      0076  A8  MOV PRL, RA
      0077  B4  MOV PRH, ZERO
      0078  19  JNE
0079  [111] pop marh
      0079  2C  POP MARH
007A  [112] pop marl
      007A  2B  POP MARL
007B  [113] mov rb, m
      007B  97  MOV RB, M
007C  [114] ldi rd, #8
      007C  E8  LDL RD, #8
007D  [115] add rb
      007D  42  ADD RB
007E  [116] mov m, acc
      007E  BB  MOV M, ACC
007F  [119] ldi #0xB0
      007F  D0  LDL RA, #16
      0080  35  LDH RA, #5
0081  [120] mov rb, ra
      0081  90  MOV RB, RA
0082  [121] mov rd, m
      0082  8F  MOV RD, M
0083  [122] ldi #8
      0083  C8  LDL RA, #8
0084  [123] push ra
      0084  20  PUSH RA
0085  [124] call oled_draw_square
      0085  D8  LDL RA, #24
      0086  36  LDH RA, #6
      0087  A8  MOV PRL, RA
      0088  C8  LDL RA, #8
      0089  B0  MOV PRH, RA
      008A  07  JAL
008B  [125] mov rd, rb
      008B  8A  MOV RD, RB
008C  [126] cmp zero
      008C  7C  CMP ZERO
008D  [127] jne fail
      008D  CB  LDL RA, #11
      008E  36  LDH RA, #6
      008F  A8  MOV PRL, RA
      0090  B4  MOV PRH, ZERO
      0091  19  JNE
0092  [130] ldi $GPIO_BASE_H
      0092  C8  LDL RA, #8
0093  [131] mov marh, ra
      0093  A0  MOV MARH, RA
0094  [132] ldi $BUTTON_GPIO_IN_L
      0094  D2  LDL RA, #18
0095  [133] mov marl, ra
      0095  98  MOV MARL, RA
0096  [134] mov rd, m
      0096  8F  MOV RD, M
0097  [135] cmp zero
      0097  7C  CMP ZERO
0098  [136] jne MAIN_LOOP__WAIT_UNTIL_RELEASE
      0098  D2  LDL RA, #18
      0099  34  LDH RA, #4
      009A  A8  MOV PRL, RA
      009B  B4  MOV PRH, ZERO
      009C  19  JNE
009D  [138] call debounce_delay
      009D  D2  LDL RA, #18
      009E  35  LDH RA, #5
      009F  A8  MOV PRL, RA
      00A0  B4  MOV PRH, ZERO
      00A1  07  JAL
00A2  [139] ldi $GPIO_BASE_H
      00A2  C8  LDL RA, #8
00A3  [140] mov marh, ra
      00A3  A0  MOV MARH, RA
00A4  [141] ldi $BUTTON_GPIO_IN_L
      00A4  D2  LDL RA, #18
00A5  [142] mov marl, ra
      00A5  98  MOV MARL, RA
00A6  [143] mov rd, m
      00A6  8F  MOV RD, M
00A7  [144] cmp zero
      00A7  7C  CMP ZERO
00A8  [145] jne MAIN_LOOP__WAIT_UNTIL_RELEASE
      00A8  D2  LDL RA, #18
      00A9  34  LDH RA, #4
      00AA  A8  MOV PRL, RA
      00AB  B4  MOV PRH, ZERO
      00AC  19  JNE
00AD  [148] jmp main_loop
      00AD  C9  LDL RA, #9
      00AE  31  LDH RA, #1
      00AF  A8  MOV PRL, RA
      00B0  B4  MOV PRH, ZERO
      00B1  1F  JMP
00B2  [151] push lrl
      00B2  25  PUSH LRL
00B3  [152] push lrh
      00B3  26  PUSH LRH
00B4  [153] ldi rd, $BUTTON_DEBOUNCE
      00B4  E0  LDL RD, #0
      00B5  3C  LDH RD, #4
00B6  [155] subi #1
      00B6  69  SUBI #1
00B7  [156] mov rd, acc
      00B7  8B  MOV RD, ACC
00B8  [157] jne DEBOUNCE_DELAY__DEBOUNCE_LOOP
      00B8  D6  LDL RA, #22
      00B9  35  LDH RA, #5
      00BA  A8  MOV PRL, RA
      00BB  B4  MOV PRH, ZERO
      00BC  19  JNE
00BD  [158] ret :stack
      00BD  2E  POP PRH
      00BE  2D  POP PRL
      00BF  1F  JMP
00C0  [161] ldi $SYS_LED_H
      00C0  CC  LDL RA, #12
00C1  [162] mov marh, ra
      00C1  A0  MOV MARH, RA
00C2  [163] ldi $SYS_LED_L
      00C2  C0  LDL RA, #0
00C3  [164] mov marl, ra
      00C3  98  MOV MARL, RA
00C4  [165] ldi $LED_OK
      00C4  C1  LDL RA, #1
00C5  [166] mov m, ra
      00C5  B8  MOV M, RA
00C6  [167] jmpa done
      00C6  D5  LDL RA, #21
      00C7  36  LDH RA, #6
      00C8  A8  MOV PRL, RA
      00C9  B4  MOV PRH, ZERO
      00CA  1F  JMP
00CB  [170] ldi $SYS_LED_H
      00CB  CC  LDL RA, #12
00CC  [171] mov marh, ra
      00CC  A0  MOV MARH, RA
00CD  [172] ldi $SYS_LED_L
      00CD  C0  LDL RA, #0
00CE  [173] mov marl, ra
      00CE  98  MOV MARL, RA
00CF  [174] mov m, rb
      00CF  BA  MOV M, RB
00D0  [175] jmpa done
      00D0  D5  LDL RA, #21
      00D1  36  LDH RA, #6
      00D2  A8  MOV PRL, RA
      00D3  B4  MOV PRH, ZERO
      00D4  1F  JMP
00D5  [178] jmpa done
      00D5  D5  LDL RA, #21
      00D6  36  LDH RA, #6
      00D7  A8  MOV PRL, RA
      00D8  B4  MOV PRH, ZERO
      00D9  1F  JMP

; Source: /mnt/d/Projects/ArniComp-Support-Package/assembler/lib/oled_soft_i2c.asm
00DA  [35] ldi $OLED_GPIO_BASE_H
      00DA  C8  LDL RA, #8
00DB  [36] mov marh, ra
      00DB  A0  MOV MARH, RA
00DC  [39] ldi $OLED_GPIO_OUT0_L
      00DC  C0  LDL RA, #0
      00DD  31  LDH RA, #1
00DE  [40] mov marl, ra
      00DE  98  MOV MARL, RA
00DF  [41] mov m, zero
      00DF  BC  MOV M, ZERO
00E0  [43] ldi $OLED_GPIO_OUT1_L
      00E0  C1  LDL RA, #1
      00E1  31  LDH RA, #1
00E2  [44] mov marl, ra
      00E2  98  MOV MARL, RA
00E3  [45] mov m, zero
      00E3  BC  MOV M, ZERO
00E4  [47] ldi $OLED_GPIO_DIR0_L
      00E4  D0  LDL RA, #16
      00E5  31  LDH RA, #1
00E6  [48] mov marl, ra
      00E6  98  MOV MARL, RA
00E7  [49] mov m, zero
      00E7  BC  MOV M, ZERO
00E8  [51] ldi $OLED_GPIO_DIR1_L
      00E8  D1  LDL RA, #17
      00E9  31  LDH RA, #1
00EA  [52] mov marl, ra
      00EA  98  MOV MARL, RA
00EB  [53] mov m, zero
      00EB  BC  MOV M, ZERO
00EC  [55] mov rb, zero
      00EC  94  MOV RB, ZERO
00ED  [56] ret
      00ED  AD  MOV PRL, LRL
      00EE  B6  MOV PRH, LRH
      00EF  1F  JMP
00F0  [73] push lrl
      00F0  25  PUSH LRL
00F1  [74] push lrh
      00F1  26  PUSH LRH
00F2  [76] ldi $F_TMP_BASE_H
      00F2  C0  LDL RA, #0
00F3  [77] mov marh, ra
      00F3  A0  MOV MARH, RA
00F4  [78] ldi $F_T0_L
      00F4  C0  LDL RA, #0
00F5  [79] mov marl, ra
      00F5  98  MOV MARL, RA
00F6  [80] mov m, rb
      00F6  BA  MOV M, RB
00F7  [82] call @OLED_WRITE_COMMAND__I2C_START
      00F7  CE  LDL RA, #14
      00F8  33  LDH RA, #3
      00F9  A8  MOV PRL, RA
      00FA  C1  LDL RA, #1
      00FB  B0  MOV PRH, RA
      00FC  07  JAL
00FD  [84] ldi $OLED_ADDR_W
      00FD  D8  LDL RA, #24
      00FE  33  LDH RA, #3
00FF  [85] mov rb, ra
      00FF  90  MOV RB, RA
0100  [86] call @OLED_WRITE_COMMAND__SEND_BYTE
      0100  CF  LDL RA, #15
      0101  37  LDH RA, #7
      0102  A8  MOV PRL, RA
      0103  C1  LDL RA, #1
      0104  B0  MOV PRH, RA
      0105  07  JAL
0106  [87] call @OLED_WRITE_COMMAND__READ_ACK
      0106  DF  LDL RA, #31
      0107  35  LDH RA, #5
      0108  A8  MOV PRL, RA
      0109  C1  LDL RA, #1
      010A  B0  MOV PRH, RA
      010B  07  JAL
010C  [88] mov rd, rb
      010C  8A  MOV RD, RB
010D  [89] cmp zero
      010D  7C  CMP ZERO
010E  [90] jne @OLED_WRITE_COMMAND__FAIL_ADDR
      010E  CD  LDL RA, #13
      010F  32  LDH RA, #2
      0110  A8  MOV PRL, RA
      0111  C1  LDL RA, #1
      0112  B0  MOV PRH, RA
      0113  19  JNE
0114  [92] ldi $OLED_CTRL_CMD
      0114  C0  LDL RA, #0
0115  [93] mov rb, ra
      0115  90  MOV RB, RA
0116  [94] call @OLED_WRITE_COMMAND__SEND_BYTE
      0116  CF  LDL RA, #15
      0117  37  LDH RA, #7
      0118  A8  MOV PRL, RA
      0119  C1  LDL RA, #1
      011A  B0  MOV PRH, RA
      011B  07  JAL
011C  [95] call @OLED_WRITE_COMMAND__READ_ACK
      011C  DF  LDL RA, #31
      011D  35  LDH RA, #5
      011E  A8  MOV PRL, RA
      011F  C1  LDL RA, #1
      0120  B0  MOV PRH, RA
      0121  07  JAL
0122  [96] mov rd, rb
      0122  8A  MOV RD, RB
0123  [97] cmp zero
      0123  7C  CMP ZERO
0124  [98] jne @OLED_WRITE_COMMAND__FAIL_CTRL
      0124  D8  LDL RA, #24
      0125  32  LDH RA, #2
      0126  A8  MOV PRL, RA
      0127  C1  LDL RA, #1
      0128  B0  MOV PRH, RA
      0129  19  JNE
012A  [100] ldi $F_TMP_BASE_H
      012A  C0  LDL RA, #0
012B  [101] mov marh, ra
      012B  A0  MOV MARH, RA
012C  [102] ldi $F_T0_L
      012C  C0  LDL RA, #0
012D  [103] mov marl, ra
      012D  98  MOV MARL, RA
012E  [104] mov rb, m
      012E  97  MOV RB, M
012F  [105] call @OLED_WRITE_COMMAND__SEND_BYTE
      012F  CF  LDL RA, #15
      0130  37  LDH RA, #7
      0131  A8  MOV PRL, RA
      0132  C1  LDL RA, #1
      0133  B0  MOV PRH, RA
      0134  07  JAL
0135  [106] call @OLED_WRITE_COMMAND__READ_ACK
      0135  DF  LDL RA, #31
      0136  35  LDH RA, #5
      0137  A8  MOV PRL, RA
      0138  C1  LDL RA, #1
      0139  B0  MOV PRH, RA
      013A  07  JAL
013B  [107] mov rd, rb
      013B  8A  MOV RD, RB
013C  [108] cmp zero
      013C  7C  CMP ZERO
013D  [109] jne @OLED_WRITE_COMMAND__FAIL_CMD
      013D  C3  LDL RA, #3
      013E  33  LDH RA, #3
      013F  A8  MOV PRL, RA
      0140  C1  LDL RA, #1
      0141  B0  MOV PRH, RA
      0142  19  JNE
0143  [111] call @OLED_WRITE_COMMAND__I2C_STOP
      0143  D9  LDL RA, #25
      0144  34  LDH RA, #4
      0145  A8  MOV PRL, RA
      0146  C1  LDL RA, #1
      0147  B0  MOV PRH, RA
      0148  07  JAL
0149  [112] mov rb, zero
      0149  94  MOV RB, ZERO
014A  [113] ret :stack
      014A  2E  POP PRH
      014B  2D  POP PRL
      014C  1F  JMP
014D  [116] call @OLED_WRITE_COMMAND__I2C_STOP
      014D  D9  LDL RA, #25
      014E  34  LDH RA, #4
      014F  A8  MOV PRL, RA
      0150  C1  LDL RA, #1
      0151  B0  MOV PRH, RA
      0152  07  JAL
0153  [117] ldi $OLED_ERR_ADDR
      0153  C2  LDL RA, #2
0154  [118] mov rb, ra
      0154  90  MOV RB, RA
0155  [119] ret :stack
      0155  2E  POP PRH
      0156  2D  POP PRL
      0157  1F  JMP
0158  [122] call @OLED_WRITE_COMMAND__I2C_STOP
      0158  D9  LDL RA, #25
      0159  34  LDH RA, #4
      015A  A8  MOV PRL, RA
      015B  C1  LDL RA, #1
      015C  B0  MOV PRH, RA
      015D  07  JAL
015E  [123] ldi $OLED_ERR_CTRL
      015E  C3  LDL RA, #3
015F  [124] mov rb, ra
      015F  90  MOV RB, RA
0160  [125] ret :stack
      0160  2E  POP PRH
      0161  2D  POP PRL
      0162  1F  JMP
0163  [128] call @OLED_WRITE_COMMAND__I2C_STOP
      0163  D9  LDL RA, #25
      0164  34  LDH RA, #4
      0165  A8  MOV PRL, RA
      0166  C1  LDL RA, #1
      0167  B0  MOV PRH, RA
      0168  07  JAL
0169  [129] ldi $OLED_ERR_CMD
      0169  C4  LDL RA, #4
016A  [130] mov rb, ra
      016A  90  MOV RB, RA
016B  [131] ret :stack
      016B  2E  POP PRH
      016C  2D  POP PRL
      016D  1F  JMP
016E  [134] push lrl
      016E  25  PUSH LRL
016F  [135] push lrh
      016F  26  PUSH LRH
0170  [137] ldi $OLED_GPIO_BASE_H
      0170  C8  LDL RA, #8
0171  [138] mov marh, ra
      0171  A0  MOV MARH, RA
0172  [139] ldi $OLED_GPIO_DIR0_L
      0172  D0  LDL RA, #16
      0173  31  LDH RA, #1
0174  [140] mov marl, ra
      0174  98  MOV MARL, RA
0175  [141] mov m, zero
      0175  BC  MOV M, ZERO
0176  [142] ldi $OLED_GPIO_DIR1_L
      0176  D1  LDL RA, #17
      0177  31  LDH RA, #1
0178  [143] mov marl, ra
      0178  98  MOV MARL, RA
0179  [144] mov m, zero
      0179  BC  MOV M, ZERO
017A  [145] call @OLED_WRITE_COMMAND__DELAY_SHORT
      017A  CC  LDL RA, #12
      017B  31  LDH RA, #1
      017C  A8  MOV PRL, RA
      017D  C3  LDL RA, #3
      017E  B0  MOV PRH, RA
      017F  07  JAL
0180  [147] ldi $OLED_GPIO_DIR1_L
      0180  D1  LDL RA, #17
      0181  31  LDH RA, #1
0182  [148] mov marl, ra
      0182  98  MOV MARL, RA
0183  [149] ldi $OLED_SDA_DRIVE_LOW
      0183  C1  LDL RA, #1
0184  [150] mov m, ra
      0184  B8  MOV M, RA
0185  [151] call @OLED_WRITE_COMMAND__DELAY_SHORT
      0185  CC  LDL RA, #12
      0186  31  LDH RA, #1
      0187  A8  MOV PRL, RA
      0188  C3  LDL RA, #3
      0189  B0  MOV PRH, RA
      018A  07  JAL
018B  [153] ldi $OLED_GPIO_DIR0_L
      018B  D0  LDL RA, #16
      018C  31  LDH RA, #1
018D  [154] mov marl, ra
      018D  98  MOV MARL, RA
018E  [155] ldi $OLED_SCL_DRIVE_LOW
      018E  C1  LDL RA, #1
018F  [156] mov m, ra
      018F  B8  MOV M, RA
0190  [157] call @OLED_WRITE_COMMAND__DELAY_SHORT
      0190  CC  LDL RA, #12
      0191  31  LDH RA, #1
      0192  A8  MOV PRL, RA
      0193  C3  LDL RA, #3
      0194  B0  MOV PRH, RA
      0195  07  JAL
0196  [158] ret :stack
      0196  2E  POP PRH
      0197  2D  POP PRL
      0198  1F  JMP
0199  [161] push lrl
      0199  25  PUSH LRL
019A  [162] push lrh
      019A  26  PUSH LRH
019B  [164] ldi $OLED_GPIO_BASE_H
      019B  C8  LDL RA, #8
019C  [165] mov marh, ra
      019C  A0  MOV MARH, RA
019D  [167] ldi $OLED_GPIO_DIR1_L
      019D  D1  LDL RA, #17
      019E  31  LDH RA, #1
019F  [168] mov marl, ra
      019F  98  MOV MARL, RA
01A0  [169] ldi $OLED_SDA_DRIVE_LOW
      01A0  C1  LDL RA, #1
01A1  [170] mov m, ra
      01A1  B8  MOV M, RA
01A2  [171] call @OLED_WRITE_COMMAND__DELAY_SHORT
      01A2  CC  LDL RA, #12
      01A3  31  LDH RA, #1
      01A4  A8  MOV PRL, RA
      01A5  C3  LDL RA, #3
      01A6  B0  MOV PRH, RA
      01A7  07  JAL
01A8  [173] ldi $OLED_GPIO_DIR0_L
      01A8  D0  LDL RA, #16
      01A9  31  LDH RA, #1
01AA  [174] mov marl, ra
      01AA  98  MOV MARL, RA
01AB  [175] mov m, zero
      01AB  BC  MOV M, ZERO
01AC  [176] call @OLED_WRITE_COMMAND__DELAY_SHORT
      01AC  CC  LDL RA, #12
      01AD  31  LDH RA, #1
      01AE  A8  MOV PRL, RA
      01AF  C3  LDL RA, #3
      01B0  B0  MOV PRH, RA
      01B1  07  JAL
01B2  [178] ldi $OLED_GPIO_DIR1_L
      01B2  D1  LDL RA, #17
      01B3  31  LDH RA, #1
01B4  [179] mov marl, ra
      01B4  98  MOV MARL, RA
01B5  [180] mov m, zero
      01B5  BC  MOV M, ZERO
01B6  [181] call @OLED_WRITE_COMMAND__DELAY_SHORT
      01B6  CC  LDL RA, #12
      01B7  31  LDH RA, #1
      01B8  A8  MOV PRL, RA
      01B9  C3  LDL RA, #3
      01BA  B0  MOV PRH, RA
      01BB  07  JAL
01BC  [182] ret :stack
      01BC  2E  POP PRH
      01BD  2D  POP PRL
      01BE  1F  JMP
01BF  [185] push lrl
      01BF  25  PUSH LRL
01C0  [186] push lrh
      01C0  26  PUSH LRH
01C1  [188] ldi $OLED_GPIO_BASE_H
      01C1  C8  LDL RA, #8
01C2  [189] mov marh, ra
      01C2  A0  MOV MARH, RA
01C3  [190] ldi $OLED_GPIO_DIR1_L
      01C3  D1  LDL RA, #17
      01C4  31  LDH RA, #1
01C5  [191] mov marl, ra
      01C5  98  MOV MARL, RA
01C6  [192] mov m, zero
      01C6  BC  MOV M, ZERO
01C7  [193] call @OLED_WRITE_COMMAND__DELAY_SHORT
      01C7  CC  LDL RA, #12
      01C8  31  LDH RA, #1
      01C9  A8  MOV PRL, RA
      01CA  C3  LDL RA, #3
      01CB  B0  MOV PRH, RA
      01CC  07  JAL
01CD  [195] ldi $OLED_GPIO_DIR0_L
      01CD  D0  LDL RA, #16
      01CE  31  LDH RA, #1
01CF  [196] mov marl, ra
      01CF  98  MOV MARL, RA
01D0  [197] mov m, zero
      01D0  BC  MOV M, ZERO
01D1  [198] call @OLED_WRITE_COMMAND__DELAY_SHORT
      01D1  CC  LDL RA, #12
      01D2  31  LDH RA, #1
      01D3  A8  MOV PRL, RA
      01D4  C3  LDL RA, #3
      01D5  B0  MOV PRH, RA
      01D6  07  JAL
01D7  [199] call @OLED_WRITE_COMMAND__DELAY_SHORT
      01D7  CC  LDL RA, #12
      01D8  31  LDH RA, #1
      01D9  A8  MOV PRL, RA
      01DA  C3  LDL RA, #3
      01DB  B0  MOV PRH, RA
      01DC  07  JAL
01DD  [201] ldi $OLED_GPIO_IN1_L
      01DD  D1  LDL RA, #17
01DE  [202] mov marl, ra
      01DE  98  MOV MARL, RA
01DF  [203] mov rd, m
      01DF  8F  MOV RD, M
01E0  [204] mov rb, rd
      01E0  91  MOV RB, RD
01E1  [206] ldi $OLED_GPIO_DIR0_L
      01E1  D0  LDL RA, #16
      01E2  31  LDH RA, #1
01E3  [207] mov marl, ra
      01E3  98  MOV MARL, RA
01E4  [208] ldi $OLED_SCL_DRIVE_LOW
      01E4  C1  LDL RA, #1
01E5  [209] mov m, ra
      01E5  B8  MOV M, RA
01E6  [210] call @OLED_WRITE_COMMAND__DELAY_SHORT
      01E6  CC  LDL RA, #12
      01E7  31  LDH RA, #1
      01E8  A8  MOV PRL, RA
      01E9  C3  LDL RA, #3
      01EA  B0  MOV PRH, RA
      01EB  07  JAL
01EC  [211] ret :stack
      01EC  2E  POP PRH
      01ED  2D  POP PRL
      01EE  1F  JMP
01EF  [214] push lrl
      01EF  25  PUSH LRL
01F0  [215] push lrh
      01F0  26  PUSH LRH
01F1  [217] mov rd, rb
      01F1  8A  MOV RD, RB
01F2  [218] ldi #0x80
      01F2  C0  LDL RA, #0
      01F3  34  LDH RA, #4
01F4  [219] and ra
      01F4  10  AND RA
01F5  [220] mov rd, acc
      01F5  8B  MOV RD, ACC
01F6  [221] cmp zero
      01F6  7C  CMP ZERO
01F7  [222] jeq @OLED_WRITE_COMMAND__B7_ZERO
      01F7  C9  LDL RA, #9
      01F8  30  LDH RA, #0
      01F9  A8  MOV PRL, RA
      01FA  C2  LDL RA, #2
      01FB  B0  MOV PRH, RA
      01FC  18  JEQ
01FD  [223] call @OLED_WRITE_COMMAND__SEND_BIT_ONE
      01FD  D3  LDL RA, #19
      01FE  37  LDH RA, #7
      01FF  A8  MOV PRL, RA
      0200  C2  LDL RA, #2
      0201  B0  MOV PRH, RA
      0202  07  JAL
0203  [224] jmp @OLED_WRITE_COMMAND__B6
      0203  CF  LDL RA, #15
      0204  30  LDH RA, #0
      0205  A8  MOV PRL, RA
      0206  C2  LDL RA, #2
      0207  B0  MOV PRH, RA
      0208  1F  JMP
0209  [226] call @OLED_WRITE_COMMAND__SEND_BIT_ZERO
      0209  C1  LDL RA, #1
      020A  37  LDH RA, #7
      020B  A8  MOV PRL, RA
      020C  C2  LDL RA, #2
      020D  B0  MOV PRH, RA
      020E  07  JAL
020F  [229] mov rd, rb
      020F  8A  MOV RD, RB
0210  [230] ldi #0x40
      0210  C0  LDL RA, #0
      0211  32  LDH RA, #2
0212  [231] and ra
      0212  10  AND RA
0213  [232] mov rd, acc
      0213  8B  MOV RD, ACC
0214  [233] cmp zero
      0214  7C  CMP ZERO
0215  [234] jeq @OLED_WRITE_COMMAND__B6_ZERO
      0215  C7  LDL RA, #7
      0216  31  LDH RA, #1
      0217  A8  MOV PRL, RA
      0218  C2  LDL RA, #2
      0219  B0  MOV PRH, RA
      021A  18  JEQ
021B  [235] call @OLED_WRITE_COMMAND__SEND_BIT_ONE
      021B  D3  LDL RA, #19
      021C  37  LDH RA, #7
      021D  A8  MOV PRL, RA
      021E  C2  LDL RA, #2
      021F  B0  MOV PRH, RA
      0220  07  JAL
0221  [236] jmp @OLED_WRITE_COMMAND__B5
      0221  CD  LDL RA, #13
      0222  31  LDH RA, #1
      0223  A8  MOV PRL, RA
      0224  C2  LDL RA, #2
      0225  B0  MOV PRH, RA
      0226  1F  JMP
0227  [238] call @OLED_WRITE_COMMAND__SEND_BIT_ZERO
      0227  C1  LDL RA, #1
      0228  37  LDH RA, #7
      0229  A8  MOV PRL, RA
      022A  C2  LDL RA, #2
      022B  B0  MOV PRH, RA
      022C  07  JAL
022D  [241] mov rd, rb
      022D  8A  MOV RD, RB
022E  [242] ldi #0x20
      022E  C0  LDL RA, #0
      022F  31  LDH RA, #1
0230  [243] and ra
      0230  10  AND RA
0231  [244] mov rd, acc
      0231  8B  MOV RD, ACC
0232  [245] cmp zero
      0232  7C  CMP ZERO
0233  [246] jeq @OLED_WRITE_COMMAND__B5_ZERO
      0233  C5  LDL RA, #5
      0234  32  LDH RA, #2
      0235  A8  MOV PRL, RA
      0236  C2  LDL RA, #2
      0237  B0  MOV PRH, RA
      0238  18  JEQ
0239  [247] call @OLED_WRITE_COMMAND__SEND_BIT_ONE
      0239  D3  LDL RA, #19
      023A  37  LDH RA, #7
      023B  A8  MOV PRL, RA
      023C  C2  LDL RA, #2
      023D  B0  MOV PRH, RA
      023E  07  JAL
023F  [248] jmp @OLED_WRITE_COMMAND__B4
      023F  CB  LDL RA, #11
      0240  32  LDH RA, #2
      0241  A8  MOV PRL, RA
      0242  C2  LDL RA, #2
      0243  B0  MOV PRH, RA
      0244  1F  JMP
0245  [250] call @OLED_WRITE_COMMAND__SEND_BIT_ZERO
      0245  C1  LDL RA, #1
      0246  37  LDH RA, #7
      0247  A8  MOV PRL, RA
      0248  C2  LDL RA, #2
      0249  B0  MOV PRH, RA
      024A  07  JAL
024B  [253] mov rd, rb
      024B  8A  MOV RD, RB
024C  [254] ldi #0x10
      024C  D0  LDL RA, #16
024D  [255] and ra
      024D  10  AND RA
024E  [256] mov rd, acc
      024E  8B  MOV RD, ACC
024F  [257] cmp zero
      024F  7C  CMP ZERO
0250  [258] jeq @OLED_WRITE_COMMAND__B4_ZERO
      0250  C2  LDL RA, #2
      0251  33  LDH RA, #3
      0252  A8  MOV PRL, RA
      0253  C2  LDL RA, #2
      0254  B0  MOV PRH, RA
      0255  18  JEQ
0256  [259] call @OLED_WRITE_COMMAND__SEND_BIT_ONE
      0256  D3  LDL RA, #19
      0257  37  LDH RA, #7
      0258  A8  MOV PRL, RA
      0259  C2  LDL RA, #2
      025A  B0  MOV PRH, RA
      025B  07  JAL
025C  [260] jmp @OLED_WRITE_COMMAND__B3
      025C  C8  LDL RA, #8
      025D  33  LDH RA, #3
      025E  A8  MOV PRL, RA
      025F  C2  LDL RA, #2
      0260  B0  MOV PRH, RA
      0261  1F  JMP
0262  [262] call @OLED_WRITE_COMMAND__SEND_BIT_ZERO
      0262  C1  LDL RA, #1
      0263  37  LDH RA, #7
      0264  A8  MOV PRL, RA
      0265  C2  LDL RA, #2
      0266  B0  MOV PRH, RA
      0267  07  JAL
0268  [265] mov rd, rb
      0268  8A  MOV RD, RB
0269  [266] ldi #0x08
      0269  C8  LDL RA, #8
026A  [267] and ra
      026A  10  AND RA
026B  [268] mov rd, acc
      026B  8B  MOV RD, ACC
026C  [269] cmp zero
      026C  7C  CMP ZERO
026D  [270] jeq @OLED_WRITE_COMMAND__B3_ZERO
      026D  DF  LDL RA, #31
      026E  33  LDH RA, #3
      026F  A8  MOV PRL, RA
      0270  C2  LDL RA, #2
      0271  B0  MOV PRH, RA
      0272  18  JEQ
0273  [271] call @OLED_WRITE_COMMAND__SEND_BIT_ONE
      0273  D3  LDL RA, #19
      0274  37  LDH RA, #7
      0275  A8  MOV PRL, RA
      0276  C2  LDL RA, #2
      0277  B0  MOV PRH, RA
      0278  07  JAL
0279  [272] jmp @OLED_WRITE_COMMAND__B2
      0279  C5  LDL RA, #5
      027A  34  LDH RA, #4
      027B  A8  MOV PRL, RA
      027C  C2  LDL RA, #2
      027D  B0  MOV PRH, RA
      027E  1F  JMP
027F  [274] call @OLED_WRITE_COMMAND__SEND_BIT_ZERO
      027F  C1  LDL RA, #1
      0280  37  LDH RA, #7
      0281  A8  MOV PRL, RA
      0282  C2  LDL RA, #2
      0283  B0  MOV PRH, RA
      0284  07  JAL
0285  [277] mov rd, rb
      0285  8A  MOV RD, RB
0286  [278] ldi #0x04
      0286  C4  LDL RA, #4
0287  [279] and ra
      0287  10  AND RA
0288  [280] mov rd, acc
      0288  8B  MOV RD, ACC
0289  [281] cmp zero
      0289  7C  CMP ZERO
028A  [282] jeq @OLED_WRITE_COMMAND__B2_ZERO
      028A  DC  LDL RA, #28
      028B  34  LDH RA, #4
      028C  A8  MOV PRL, RA
      028D  C2  LDL RA, #2
      028E  B0  MOV PRH, RA
      028F  18  JEQ
0290  [283] call @OLED_WRITE_COMMAND__SEND_BIT_ONE
      0290  D3  LDL RA, #19
      0291  37  LDH RA, #7
      0292  A8  MOV PRL, RA
      0293  C2  LDL RA, #2
      0294  B0  MOV PRH, RA
      0295  07  JAL
0296  [284] jmp @OLED_WRITE_COMMAND__B1
      0296  C2  LDL RA, #2
      0297  35  LDH RA, #5
      0298  A8  MOV PRL, RA
      0299  C2  LDL RA, #2
      029A  B0  MOV PRH, RA
      029B  1F  JMP
029C  [286] call @OLED_WRITE_COMMAND__SEND_BIT_ZERO
      029C  C1  LDL RA, #1
      029D  37  LDH RA, #7
      029E  A8  MOV PRL, RA
      029F  C2  LDL RA, #2
      02A0  B0  MOV PRH, RA
      02A1  07  JAL
02A2  [289] mov rd, rb
      02A2  8A  MOV RD, RB
02A3  [290] ldi #0x02
      02A3  C2  LDL RA, #2
02A4  [291] and ra
      02A4  10  AND RA
02A5  [292] mov rd, acc
      02A5  8B  MOV RD, ACC
02A6  [293] cmp zero
      02A6  7C  CMP ZERO
02A7  [294] jeq @OLED_WRITE_COMMAND__B1_ZERO
      02A7  DE  LDL RA, #30
      02A8  35  LDH RA, #5
      02A9  A8  MOV PRL, RA
      02AA  C2  LDL RA, #2
      02AB  B0  MOV PRH, RA
      02AC  18  JEQ
02AD  [295] call @OLED_WRITE_COMMAND__SEND_BIT_ONE
      02AD  D3  LDL RA, #19
      02AE  37  LDH RA, #7
      02AF  A8  MOV PRL, RA
      02B0  C2  LDL RA, #2
      02B1  B0  MOV PRH, RA
      02B2  07  JAL
02B3  [296] jmp @OLED_WRITE_COMMAND__B0
      02B3  C4  LDL RA, #4
      02B4  36  LDH RA, #6
      02B5  A8  MOV PRL, RA
      02B6  C2  LDL RA, #2
      02B7  B0  MOV PRH, RA
      02B8  1F  JMP
02B9  [297] nop
      02B9  00  NOP
02BA  [298] nop
      02BA  00  NOP
02BB  [299] nop
      02BB  00  NOP
02BC  [300] nop
      02BC  00  NOP
02BD  [301] nop
      02BD  00  NOP
02BE  [303] call @OLED_WRITE_COMMAND__SEND_BIT_ZERO
      02BE  C1  LDL RA, #1
      02BF  37  LDH RA, #7
      02C0  A8  MOV PRL, RA
      02C1  C2  LDL RA, #2
      02C2  B0  MOV PRH, RA
      02C3  07  JAL
02C4  [306] mov rd, rb
      02C4  8A  MOV RD, RB
02C5  [307] ldi #0x01
      02C5  C1  LDL RA, #1
02C6  [308] and ra
      02C6  10  AND RA
02C7  [309] mov rd, acc
      02C7  8B  MOV RD, ACC
02C8  [310] cmp zero
      02C8  7C  CMP ZERO
02C9  [311] jeq @OLED_WRITE_COMMAND__B0_ZERO
      02C9  D8  LDL RA, #24
      02CA  36  LDH RA, #6
      02CB  A8  MOV PRL, RA
      02CC  C2  LDL RA, #2
      02CD  B0  MOV PRH, RA
      02CE  18  JEQ
02CF  [312] call @OLED_WRITE_COMMAND__SEND_BIT_ONE
      02CF  D3  LDL RA, #19
      02D0  37  LDH RA, #7
      02D1  A8  MOV PRL, RA
      02D2  C2  LDL RA, #2
      02D3  B0  MOV PRH, RA
      02D4  07  JAL
02D5  [313] ret :stack
      02D5  2E  POP PRH
      02D6  2D  POP PRL
      02D7  1F  JMP
02D8  [315] call @OLED_WRITE_COMMAND__SEND_BIT_ZERO
      02D8  C1  LDL RA, #1
      02D9  37  LDH RA, #7
      02DA  A8  MOV PRL, RA
      02DB  C2  LDL RA, #2
      02DC  B0  MOV PRH, RA
      02DD  07  JAL
02DE  [316] ret :stack
      02DE  2E  POP PRH
      02DF  2D  POP PRL
      02E0  1F  JMP
02E1  [319] push lrl
      02E1  25  PUSH LRL
02E2  [320] push lrh
      02E2  26  PUSH LRH
02E3  [322] ldi $OLED_GPIO_BASE_H
      02E3  C8  LDL RA, #8
02E4  [323] mov marh, ra
      02E4  A0  MOV MARH, RA
02E5  [324] ldi $OLED_GPIO_DIR1_L
      02E5  D1  LDL RA, #17
      02E6  31  LDH RA, #1
02E7  [325] mov marl, ra
      02E7  98  MOV MARL, RA
02E8  [326] ldi $OLED_SDA_DRIVE_LOW
      02E8  C1  LDL RA, #1
02E9  [327] mov m, ra
      02E9  B8  MOV M, RA
02EA  [328] call @OLED_WRITE_COMMAND__PULSE_SCL
      02EA  C4  LDL RA, #4
      02EB  30  LDH RA, #0
      02EC  A8  MOV PRL, RA
      02ED  C3  LDL RA, #3
      02EE  B0  MOV PRH, RA
      02EF  07  JAL
02F0  [329] ret :stack
      02F0  2E  POP PRH
      02F1  2D  POP PRL
      02F2  1F  JMP
02F3  [332] push lrl
      02F3  25  PUSH LRL
02F4  [333] push lrh
      02F4  26  PUSH LRH
02F5  [335] ldi $OLED_GPIO_BASE_H
      02F5  C8  LDL RA, #8
02F6  [336] mov marh, ra
      02F6  A0  MOV MARH, RA
02F7  [337] ldi $OLED_GPIO_DIR1_L
      02F7  D1  LDL RA, #17
      02F8  31  LDH RA, #1
02F9  [338] mov marl, ra
      02F9  98  MOV MARL, RA
02FA  [339] mov m, zero
      02FA  BC  MOV M, ZERO
02FB  [340] call @OLED_WRITE_COMMAND__PULSE_SCL
      02FB  C4  LDL RA, #4
      02FC  30  LDH RA, #0
      02FD  A8  MOV PRL, RA
      02FE  C3  LDL RA, #3
      02FF  B0  MOV PRH, RA
      0300  07  JAL
0301  [341] ret :stack
      0301  2E  POP PRH
      0302  2D  POP PRL
      0303  1F  JMP
0304  [344] push lrl
      0304  25  PUSH LRL
0305  [345] push lrh
      0305  26  PUSH LRH
0306  [347] call @OLED_WRITE_COMMAND__DELAY_SHORT
      0306  CC  LDL RA, #12
      0307  31  LDH RA, #1
      0308  A8  MOV PRL, RA
      0309  C3  LDL RA, #3
      030A  B0  MOV PRH, RA
      030B  07  JAL
030C  [348] ldi $OLED_GPIO_BASE_H
      030C  C8  LDL RA, #8
030D  [349] mov marh, ra
      030D  A0  MOV MARH, RA
030E  [350] ldi $OLED_GPIO_DIR0_L
      030E  D0  LDL RA, #16
      030F  31  LDH RA, #1
0310  [351] mov marl, ra
      0310  98  MOV MARL, RA
0311  [352] mov m, zero
      0311  BC  MOV M, ZERO
0312  [353] call @OLED_WRITE_COMMAND__DELAY_SHORT
      0312  CC  LDL RA, #12
      0313  31  LDH RA, #1
      0314  A8  MOV PRL, RA
      0315  C3  LDL RA, #3
      0316  B0  MOV PRH, RA
      0317  07  JAL
0318  [354] call @OLED_WRITE_COMMAND__DELAY_SHORT
      0318  CC  LDL RA, #12
      0319  31  LDH RA, #1
      031A  A8  MOV PRL, RA
      031B  C3  LDL RA, #3
      031C  B0  MOV PRH, RA
      031D  07  JAL
031E  [355] ldi $OLED_GPIO_DIR0_L
      031E  D0  LDL RA, #16
      031F  31  LDH RA, #1
0320  [356] mov marl, ra
      0320  98  MOV MARL, RA
0321  [357] ldi $OLED_SCL_DRIVE_LOW
      0321  C1  LDL RA, #1
0322  [358] mov m, ra
      0322  B8  MOV M, RA
0323  [359] call @OLED_WRITE_COMMAND__DELAY_SHORT
      0323  CC  LDL RA, #12
      0324  31  LDH RA, #1
      0325  A8  MOV PRL, RA
      0326  C3  LDL RA, #3
      0327  B0  MOV PRH, RA
      0328  07  JAL
0329  [360] ret :stack
      0329  2E  POP PRH
      032A  2D  POP PRL
      032B  1F  JMP
032C  [363] ldi rd, $OLED_DELAY_COUNT
      032C  F0  LDL RD, #16
032D  [365] subi #1
      032D  69  SUBI #1
032E  [366] mov rd, acc
      032E  8B  MOV RD, ACC
032F  [367] jne @OLED_WRITE_COMMAND__DELAY_LOOP
      032F  CD  LDL RA, #13
      0330  31  LDH RA, #1
      0331  A8  MOV PRL, RA
      0332  C3  LDL RA, #3
      0333  B0  MOV PRH, RA
      0334  19  JNE
0335  [368] ret
      0335  AD  MOV PRL, LRL
      0336  B6  MOV PRH, LRH
      0337  1F  JMP
0338  [1030] push lrl
      0338  25  PUSH LRL
0339  [1031] push lrh
      0339  26  PUSH LRH
033A  [1033] ldi $F_TMP_BASE_H
      033A  C0  LDL RA, #0
033B  [1034] mov marh, ra
      033B  A0  MOV MARH, RA
033C  [1035] ldi $F_T4_L
      033C  C4  LDL RA, #4
033D  [1036] mov marl, ra
      033D  98  MOV MARL, RA
033E  [1037] mov m, rb
      033E  BA  MOV M, RB
033F  [1039] ldi $F_T5_L
      033F  C5  LDL RA, #5
0340  [1040] mov marl, ra
      0340  98  MOV MARL, RA
0341  [1041] mov m, rd
      0341  B9  MOV M, RD
0342  [1044] ldi $F_T4_L
      0342  C4  LDL RA, #4
0343  [1045] mov marl, ra
      0343  98  MOV MARL, RA
0344  [1046] mov rb, m
      0344  97  MOV RB, M
0345  [1047] call oled_write_command
      0345  D0  LDL RA, #16
      0346  37  LDH RA, #7
      0347  A8  MOV PRL, RA
      0348  B4  MOV PRH, ZERO
      0349  07  JAL
034A  [1048] mov rd, rb
      034A  8A  MOV RD, RB
034B  [1049] cmp zero
      034B  7C  CMP ZERO
034C  [1050] jne @OLED_SET_PAGE_COLUMN_DIRECT__FAIL
      034C  D5  LDL RA, #21
      034D  35  LDH RA, #5
      034E  A8  MOV PRL, RA
      034F  C3  LDL RA, #3
      0350  B0  MOV PRH, RA
      0351  19  JNE
0352  [1053] ldi $F_TMP_BASE_H
      0352  C0  LDL RA, #0
0353  [1054] mov marh, ra
      0353  A0  MOV MARH, RA
0354  [1057] ldi $F_T6_L
      0354  C6  LDL RA, #6
0355  [1058] mov marl, ra
      0355  98  MOV MARL, RA
0356  [1059] ldi #0x0F
      0356  CF  LDL RA, #15
0357  [1060] mov m, ra
      0357  B8  MOV M, RA
0358  [1062] ldi $F_T5_L
      0358  C5  LDL RA, #5
0359  [1063] mov marl, ra
      0359  98  MOV MARL, RA
035A  [1064] mov rd, m
      035A  8F  MOV RD, M
035B  [1065] ldi $F_T6_L
      035B  C6  LDL RA, #6
035C  [1066] mov marl, ra
      035C  98  MOV MARL, RA
035D  [1067] and m
      035D  17  AND M
035E  [1068] mov rb, acc
      035E  93  MOV RB, ACC
035F  [1069] call oled_write_command
      035F  D0  LDL RA, #16
      0360  37  LDH RA, #7
      0361  A8  MOV PRL, RA
      0362  B4  MOV PRH, ZERO
      0363  07  JAL
0364  [1070] mov rd, rb
      0364  8A  MOV RD, RB
0365  [1071] cmp zero
      0365  7C  CMP ZERO
0366  [1072] jne @OLED_SET_PAGE_COLUMN_DIRECT__FAIL
      0366  D5  LDL RA, #21
      0367  35  LDH RA, #5
      0368  A8  MOV PRL, RA
      0369  C3  LDL RA, #3
      036A  B0  MOV PRH, RA
      036B  19  JNE
036C  [1075] ldi $F_TMP_BASE_H
      036C  C0  LDL RA, #0
036D  [1076] mov marh, ra
      036D  A0  MOV MARH, RA
036E  [1079] ldi $F_T6_L
      036E  C6  LDL RA, #6
036F  [1080] mov marl, ra
      036F  98  MOV MARL, RA
0370  [1081] ldi #0x10
      0370  D0  LDL RA, #16
0371  [1082] mov m, ra
      0371  B8  MOV M, RA
0372  [1084] ldi $F_T5_L
      0372  C5  LDL RA, #5
0373  [1085] mov marl, ra
      0373  98  MOV MARL, RA
0374  [1086] mov rd, m
      0374  8F  MOV RD, M
0375  [1087] ldi #0x10
      0375  D0  LDL RA, #16
0376  [1088] and ra
      0376  10  AND RA
0377  [1089] mov rd, acc
      0377  8B  MOV RD, ACC
0378  [1090] cmp zero
      0378  7C  CMP ZERO
0379  [1091] jeq @OLED_SET_PAGE_COLUMN_DIRECT__SKIP_ADD1
      0379  C4  LDL RA, #4
      037A  34  LDH RA, #4
      037B  A8  MOV PRL, RA
      037C  C3  LDL RA, #3
      037D  B0  MOV PRH, RA
      037E  18  JEQ
037F  [1092] ldi $F_T6_L
      037F  C6  LDL RA, #6
0380  [1093] mov marl, ra
      0380  98  MOV MARL, RA
0381  [1094] mov rd, m
      0381  8F  MOV RD, M
0382  [1095] addi #1
      0382  49  ADDI #1
0383  [1096] mov m, acc
      0383  BB  MOV M, ACC
0384  [1099] ldi $F_T5_L
      0384  C5  LDL RA, #5
0385  [1100] mov marl, ra
      0385  98  MOV MARL, RA
0386  [1101] mov rd, m
      0386  8F  MOV RD, M
0387  [1102] ldi #0x20
      0387  C0  LDL RA, #0
      0388  31  LDH RA, #1
0389  [1103] and ra
      0389  10  AND RA
038A  [1104] mov rd, acc
      038A  8B  MOV RD, ACC
038B  [1105] cmp zero
      038B  7C  CMP ZERO
038C  [1106] jeq @OLED_SET_PAGE_COLUMN_DIRECT__SKIP_ADD2
      038C  D7  LDL RA, #23
      038D  34  LDH RA, #4
      038E  A8  MOV PRL, RA
      038F  C3  LDL RA, #3
      0390  B0  MOV PRH, RA
      0391  18  JEQ
0392  [1107] ldi $F_T6_L
      0392  C6  LDL RA, #6
0393  [1108] mov marl, ra
      0393  98  MOV MARL, RA
0394  [1109] mov rd, m
      0394  8F  MOV RD, M
0395  [1110] addi #2
      0395  4A  ADDI #2
0396  [1111] mov m, acc
      0396  BB  MOV M, ACC
0397  [1114] ldi $F_T5_L
      0397  C5  LDL RA, #5
0398  [1115] mov marl, ra
      0398  98  MOV MARL, RA
0399  [1116] mov rd, m
      0399  8F  MOV RD, M
039A  [1117] ldi #0x40
      039A  C0  LDL RA, #0
      039B  32  LDH RA, #2
039C  [1118] and ra
      039C  10  AND RA
039D  [1119] mov rd, acc
      039D  8B  MOV RD, ACC
039E  [1120] cmp zero
      039E  7C  CMP ZERO
039F  [1121] jeq @OLED_SET_PAGE_COLUMN_DIRECT__SEND_UPPER
      039F  CA  LDL RA, #10
      03A0  35  LDH RA, #5
      03A1  A8  MOV PRL, RA
      03A2  C3  LDL RA, #3
      03A3  B0  MOV PRH, RA
      03A4  18  JEQ
03A5  [1122] ldi $F_T6_L
      03A5  C6  LDL RA, #6
03A6  [1123] mov marl, ra
      03A6  98  MOV MARL, RA
03A7  [1124] mov rd, m
      03A7  8F  MOV RD, M
03A8  [1125] addi #4
      03A8  4C  ADDI #4
03A9  [1126] mov m, acc
      03A9  BB  MOV M, ACC
03AA  [1129] ldi $F_T6_L
      03AA  C6  LDL RA, #6
03AB  [1130] mov marl, ra
      03AB  98  MOV MARL, RA
03AC  [1131] mov rb, m
      03AC  97  MOV RB, M
03AD  [1132] call oled_write_command
      03AD  D0  LDL RA, #16
      03AE  37  LDH RA, #7
      03AF  A8  MOV PRL, RA
      03B0  B4  MOV PRH, ZERO
      03B1  07  JAL
03B2  [1133] ret :stack
      03B2  2E  POP PRH
      03B3  2D  POP PRL
      03B4  1F  JMP
03B5  [1136] ret :stack
      03B5  2E  POP PRH
      03B6  2D  POP PRL
      03B7  1F  JMP
03B8  [380] push lrl
      03B8  25  PUSH LRL
03B9  [381] push lrh
      03B9  26  PUSH LRH
03BA  [383] call @OLED_BEGIN_DATA_STREAM__I2C_START
      03BA  C8  LDL RA, #8
      03BB  30  LDH RA, #0
      03BC  A8  MOV PRL, RA
      03BD  C4  LDL RA, #4
      03BE  B0  MOV PRH, RA
      03BF  07  JAL
03C0  [385] ldi $OLED_ADDR_W
      03C0  D8  LDL RA, #24
      03C1  33  LDH RA, #3
03C2  [386] mov rb, ra
      03C2  90  MOV RB, RA
03C3  [387] call @OLED_BEGIN_DATA_STREAM__SEND_BYTE
      03C3  C9  LDL RA, #9
      03C4  34  LDH RA, #4
      03C5  A8  MOV PRL, RA
      03C6  C4  LDL RA, #4
      03C7  B0  MOV PRH, RA
      03C8  07  JAL
03C9  [388] call @OLED_BEGIN_DATA_STREAM__READ_ACK
      03C9  D9  LDL RA, #25
      03CA  32  LDH RA, #2
      03CB  A8  MOV PRL, RA
      03CC  C4  LDL RA, #4
      03CD  B0  MOV PRH, RA
      03CE  07  JAL
03CF  [389] mov rd, rb
      03CF  8A  MOV RD, RB
03D0  [390] cmp zero
      03D0  7C  CMP ZERO
03D1  [391] jne @OLED_BEGIN_DATA_STREAM__FAIL_ADDR
      03D1  D2  LDL RA, #18
      03D2  37  LDH RA, #7
      03D3  A8  MOV PRL, RA
      03D4  C3  LDL RA, #3
      03D5  B0  MOV PRH, RA
      03D6  19  JNE
03D7  [393] ldi $OLED_CTRL_DATA
      03D7  C0  LDL RA, #0
      03D8  32  LDH RA, #2
03D9  [394] mov rb, ra
      03D9  90  MOV RB, RA
03DA  [395] call @OLED_BEGIN_DATA_STREAM__SEND_BYTE
      03DA  C9  LDL RA, #9
      03DB  34  LDH RA, #4
      03DC  A8  MOV PRL, RA
      03DD  C4  LDL RA, #4
      03DE  B0  MOV PRH, RA
      03DF  07  JAL
03E0  [396] call @OLED_BEGIN_DATA_STREAM__READ_ACK
      03E0  D9  LDL RA, #25
      03E1  32  LDH RA, #2
      03E2  A8  MOV PRL, RA
      03E3  C4  LDL RA, #4
      03E4  B0  MOV PRH, RA
      03E5  07  JAL
03E6  [397] mov rd, rb
      03E6  8A  MOV RD, RB
03E7  [398] cmp zero
      03E7  7C  CMP ZERO
03E8  [399] jne @OLED_BEGIN_DATA_STREAM__FAIL_CTRL
      03E8  DD  LDL RA, #29
      03E9  37  LDH RA, #7
      03EA  A8  MOV PRL, RA
      03EB  C3  LDL RA, #3
      03EC  B0  MOV PRH, RA
      03ED  19  JNE
03EE  [401] mov rb, zero
      03EE  94  MOV RB, ZERO
03EF  [402] ret :stack
      03EF  2E  POP PRH
      03F0  2D  POP PRL
      03F1  1F  JMP
03F2  [405] call @OLED_BEGIN_DATA_STREAM__I2C_STOP
      03F2  D3  LDL RA, #19
      03F3  31  LDH RA, #1
      03F4  A8  MOV PRL, RA
      03F5  C4  LDL RA, #4
      03F6  B0  MOV PRH, RA
      03F7  07  JAL
03F8  [406] ldi $OLED_ERR_ADDR
      03F8  C2  LDL RA, #2
03F9  [407] mov rb, ra
      03F9  90  MOV RB, RA
03FA  [408] ret :stack
      03FA  2E  POP PRH
      03FB  2D  POP PRL
      03FC  1F  JMP
03FD  [411] call @OLED_BEGIN_DATA_STREAM__I2C_STOP
      03FD  D3  LDL RA, #19
      03FE  31  LDH RA, #1
      03FF  A8  MOV PRL, RA
      0400  C4  LDL RA, #4
      0401  B0  MOV PRH, RA
      0402  07  JAL
0403  [412] ldi $OLED_ERR_CTRL
      0403  C3  LDL RA, #3
0404  [413] mov rb, ra
      0404  90  MOV RB, RA
0405  [414] ret :stack
      0405  2E  POP PRH
      0406  2D  POP PRL
      0407  1F  JMP
0408  [417] push lrl
      0408  25  PUSH LRL
0409  [418] push lrh
      0409  26  PUSH LRH
040A  [420] ldi $OLED_GPIO_BASE_H
      040A  C8  LDL RA, #8
040B  [421] mov marh, ra
      040B  A0  MOV MARH, RA
040C  [422] ldi $OLED_GPIO_DIR0_L
      040C  D0  LDL RA, #16
      040D  31  LDH RA, #1
040E  [423] mov marl, ra
      040E  98  MOV MARL, RA
040F  [424] mov m, zero
      040F  BC  MOV M, ZERO
0410  [425] ldi $OLED_GPIO_DIR1_L
      0410  D1  LDL RA, #17
      0411  31  LDH RA, #1
0412  [426] mov marl, ra
      0412  98  MOV MARL, RA
0413  [427] mov m, zero
      0413  BC  MOV M, ZERO
0414  [428] call @OLED_BEGIN_DATA_STREAM__DELAY_SHORT
      0414  C6  LDL RA, #6
      0415  36  LDH RA, #6
      0416  A8  MOV PRL, RA
      0417  C5  LDL RA, #5
      0418  B0  MOV PRH, RA
      0419  07  JAL
041A  [430] ldi $OLED_GPIO_DIR1_L
      041A  D1  LDL RA, #17
      041B  31  LDH RA, #1
041C  [431] mov marl, ra
      041C  98  MOV MARL, RA
041D  [432] ldi $OLED_SDA_DRIVE_LOW
      041D  C1  LDL RA, #1
041E  [433] mov m, ra
      041E  B8  MOV M, RA
041F  [434] call @OLED_BEGIN_DATA_STREAM__DELAY_SHORT
      041F  C6  LDL RA, #6
      0420  36  LDH RA, #6
      0421  A8  MOV PRL, RA
      0422  C5  LDL RA, #5
      0423  B0  MOV PRH, RA
      0424  07  JAL
0425  [436] ldi $OLED_GPIO_DIR0_L
      0425  D0  LDL RA, #16
      0426  31  LDH RA, #1
0427  [437] mov marl, ra
      0427  98  MOV MARL, RA
0428  [438] ldi $OLED_SCL_DRIVE_LOW
      0428  C1  LDL RA, #1
0429  [439] mov m, ra
      0429  B8  MOV M, RA
042A  [440] call @OLED_BEGIN_DATA_STREAM__DELAY_SHORT
      042A  C6  LDL RA, #6
      042B  36  LDH RA, #6
      042C  A8  MOV PRL, RA
      042D  C5  LDL RA, #5
      042E  B0  MOV PRH, RA
      042F  07  JAL
0430  [441] ret :stack
      0430  2E  POP PRH
      0431  2D  POP PRL
      0432  1F  JMP
0433  [444] push lrl
      0433  25  PUSH LRL
0434  [445] push lrh
      0434  26  PUSH LRH
0435  [447] ldi $OLED_GPIO_BASE_H
      0435  C8  LDL RA, #8
0436  [448] mov marh, ra
      0436  A0  MOV MARH, RA
0437  [450] ldi $OLED_GPIO_DIR1_L
      0437  D1  LDL RA, #17
      0438  31  LDH RA, #1
0439  [451] mov marl, ra
      0439  98  MOV MARL, RA
043A  [452] ldi $OLED_SDA_DRIVE_LOW
      043A  C1  LDL RA, #1
043B  [453] mov m, ra
      043B  B8  MOV M, RA
043C  [454] call @OLED_BEGIN_DATA_STREAM__DELAY_SHORT
      043C  C6  LDL RA, #6
      043D  36  LDH RA, #6
      043E  A8  MOV PRL, RA
      043F  C5  LDL RA, #5
      0440  B0  MOV PRH, RA
      0441  07  JAL
0442  [456] ldi $OLED_GPIO_DIR0_L
      0442  D0  LDL RA, #16
      0443  31  LDH RA, #1
0444  [457] mov marl, ra
      0444  98  MOV MARL, RA
0445  [458] mov m, zero
      0445  BC  MOV M, ZERO
0446  [459] call @OLED_BEGIN_DATA_STREAM__DELAY_SHORT
      0446  C6  LDL RA, #6
      0447  36  LDH RA, #6
      0448  A8  MOV PRL, RA
      0449  C5  LDL RA, #5
      044A  B0  MOV PRH, RA
      044B  07  JAL
044C  [461] ldi $OLED_GPIO_DIR1_L
      044C  D1  LDL RA, #17
      044D  31  LDH RA, #1
044E  [462] mov marl, ra
      044E  98  MOV MARL, RA
044F  [463] mov m, zero
      044F  BC  MOV M, ZERO
0450  [464] call @OLED_BEGIN_DATA_STREAM__DELAY_SHORT
      0450  C6  LDL RA, #6
      0451  36  LDH RA, #6
      0452  A8  MOV PRL, RA
      0453  C5  LDL RA, #5
      0454  B0  MOV PRH, RA
      0455  07  JAL
0456  [465] ret :stack
      0456  2E  POP PRH
      0457  2D  POP PRL
      0458  1F  JMP
0459  [468] push lrl
      0459  25  PUSH LRL
045A  [469] push lrh
      045A  26  PUSH LRH
045B  [471] ldi $OLED_GPIO_BASE_H
      045B  C8  LDL RA, #8
045C  [472] mov marh, ra
      045C  A0  MOV MARH, RA
045D  [473] ldi $OLED_GPIO_DIR1_L
      045D  D1  LDL RA, #17
      045E  31  LDH RA, #1
045F  [474] mov marl, ra
      045F  98  MOV MARL, RA
0460  [475] mov m, zero
      0460  BC  MOV M, ZERO
0461  [476] call @OLED_BEGIN_DATA_STREAM__DELAY_SHORT
      0461  C6  LDL RA, #6
      0462  36  LDH RA, #6
      0463  A8  MOV PRL, RA
      0464  C5  LDL RA, #5
      0465  B0  MOV PRH, RA
      0466  07  JAL
0467  [478] ldi $OLED_GPIO_DIR0_L
      0467  D0  LDL RA, #16
      0468  31  LDH RA, #1
0469  [479] mov marl, ra
      0469  98  MOV MARL, RA
046A  [480] mov m, zero
      046A  BC  MOV M, ZERO
046B  [481] call @OLED_BEGIN_DATA_STREAM__DELAY_SHORT
      046B  C6  LDL RA, #6
      046C  36  LDH RA, #6
      046D  A8  MOV PRL, RA
      046E  C5  LDL RA, #5
      046F  B0  MOV PRH, RA
      0470  07  JAL
0471  [482] call @OLED_BEGIN_DATA_STREAM__DELAY_SHORT
      0471  C6  LDL RA, #6
      0472  36  LDH RA, #6
      0473  A8  MOV PRL, RA
      0474  C5  LDL RA, #5
      0475  B0  MOV PRH, RA
      0476  07  JAL
0477  [484] ldi $OLED_GPIO_IN1_L
      0477  D1  LDL RA, #17
0478  [485] mov marl, ra
      0478  98  MOV MARL, RA
0479  [486] mov rd, m
      0479  8F  MOV RD, M
047A  [487] mov rb, rd
      047A  91  MOV RB, RD
047B  [489] ldi $OLED_GPIO_DIR0_L
      047B  D0  LDL RA, #16
      047C  31  LDH RA, #1
047D  [490] mov marl, ra
      047D  98  MOV MARL, RA
047E  [491] ldi $OLED_SCL_DRIVE_LOW
      047E  C1  LDL RA, #1
047F  [492] mov m, ra
      047F  B8  MOV M, RA
0480  [493] call @OLED_BEGIN_DATA_STREAM__DELAY_SHORT
      0480  C6  LDL RA, #6
      0481  36  LDH RA, #6
      0482  A8  MOV PRL, RA
      0483  C5  LDL RA, #5
      0484  B0  MOV PRH, RA
      0485  07  JAL
0486  [494] ret :stack
      0486  2E  POP PRH
      0487  2D  POP PRL
      0488  1F  JMP
0489  [497] push lrl
      0489  25  PUSH LRL
048A  [498] push lrh
      048A  26  PUSH LRH
048B  [500] mov rd, rb
      048B  8A  MOV RD, RB
048C  [501] ldi #0x80
      048C  C0  LDL RA, #0
      048D  34  LDH RA, #4
048E  [502] and ra
      048E  10  AND RA
048F  [503] mov rd, acc
      048F  8B  MOV RD, ACC
0490  [504] cmp zero
      0490  7C  CMP ZERO
0491  [505] jeq @OLED_BEGIN_DATA_STREAM__B7_ZERO
      0491  C3  LDL RA, #3
      0492  35  LDH RA, #5
      0493  A8  MOV PRL, RA
      0494  C4  LDL RA, #4
      0495  B0  MOV PRH, RA
      0496  18  JEQ
0497  [506] call @OLED_BEGIN_DATA_STREAM__SEND_BIT_ONE
      0497  CD  LDL RA, #13
      0498  34  LDH RA, #4
      0499  A8  MOV PRL, RA
      049A  C5  LDL RA, #5
      049B  B0  MOV PRH, RA
      049C  07  JAL
049D  [507] jmp @OLED_BEGIN_DATA_STREAM__B6
      049D  C9  LDL RA, #9
      049E  35  LDH RA, #5
      049F  A8  MOV PRL, RA
      04A0  C4  LDL RA, #4
      04A1  B0  MOV PRH, RA
      04A2  1F  JMP
04A3  [509] call @OLED_BEGIN_DATA_STREAM__SEND_BIT_ZERO
      04A3  DB  LDL RA, #27
      04A4  33  LDH RA, #3
      04A5  A8  MOV PRL, RA
      04A6  C5  LDL RA, #5
      04A7  B0  MOV PRH, RA
      04A8  07  JAL
04A9  [512] mov rd, rb
      04A9  8A  MOV RD, RB
04AA  [513] ldi #0x40
      04AA  C0  LDL RA, #0
      04AB  32  LDH RA, #2
04AC  [514] and ra
      04AC  10  AND RA
04AD  [515] mov rd, acc
      04AD  8B  MOV RD, ACC
04AE  [516] cmp zero
      04AE  7C  CMP ZERO
04AF  [517] jeq @OLED_BEGIN_DATA_STREAM__B6_ZERO
      04AF  C1  LDL RA, #1
      04B0  36  LDH RA, #6
      04B1  A8  MOV PRL, RA
      04B2  C4  LDL RA, #4
      04B3  B0  MOV PRH, RA
      04B4  18  JEQ
04B5  [518] call @OLED_BEGIN_DATA_STREAM__SEND_BIT_ONE
      04B5  CD  LDL RA, #13
      04B6  34  LDH RA, #4
      04B7  A8  MOV PRL, RA
      04B8  C5  LDL RA, #5
      04B9  B0  MOV PRH, RA
      04BA  07  JAL
04BB  [519] jmp @OLED_BEGIN_DATA_STREAM__B5
      04BB  C7  LDL RA, #7
      04BC  36  LDH RA, #6
      04BD  A8  MOV PRL, RA
      04BE  C4  LDL RA, #4
      04BF  B0  MOV PRH, RA
      04C0  1F  JMP
04C1  [521] call @OLED_BEGIN_DATA_STREAM__SEND_BIT_ZERO
      04C1  DB  LDL RA, #27
      04C2  33  LDH RA, #3
      04C3  A8  MOV PRL, RA
      04C4  C5  LDL RA, #5
      04C5  B0  MOV PRH, RA
      04C6  07  JAL
04C7  [524] mov rd, rb
      04C7  8A  MOV RD, RB
04C8  [525] ldi #0x20
      04C8  C0  LDL RA, #0
      04C9  31  LDH RA, #1
04CA  [526] and ra
      04CA  10  AND RA
04CB  [527] mov rd, acc
      04CB  8B  MOV RD, ACC
04CC  [528] cmp zero
      04CC  7C  CMP ZERO
04CD  [529] jeq @OLED_BEGIN_DATA_STREAM__B5_ZERO
      04CD  DF  LDL RA, #31
      04CE  36  LDH RA, #6
      04CF  A8  MOV PRL, RA
      04D0  C4  LDL RA, #4
      04D1  B0  MOV PRH, RA
      04D2  18  JEQ
04D3  [530] call @OLED_BEGIN_DATA_STREAM__SEND_BIT_ONE
      04D3  CD  LDL RA, #13
      04D4  34  LDH RA, #4
      04D5  A8  MOV PRL, RA
      04D6  C5  LDL RA, #5
      04D7  B0  MOV PRH, RA
      04D8  07  JAL
04D9  [531] jmp @OLED_BEGIN_DATA_STREAM__B4
      04D9  C5  LDL RA, #5
      04DA  37  LDH RA, #7
      04DB  A8  MOV PRL, RA
      04DC  C4  LDL RA, #4
      04DD  B0  MOV PRH, RA
      04DE  1F  JMP
04DF  [533] call @OLED_BEGIN_DATA_STREAM__SEND_BIT_ZERO
      04DF  DB  LDL RA, #27
      04E0  33  LDH RA, #3
      04E1  A8  MOV PRL, RA
      04E2  C5  LDL RA, #5
      04E3  B0  MOV PRH, RA
      04E4  07  JAL
04E5  [536] mov rd, rb
      04E5  8A  MOV RD, RB
04E6  [537] ldi #0x10
      04E6  D0  LDL RA, #16
04E7  [538] and ra
      04E7  10  AND RA
04E8  [539] mov rd, acc
      04E8  8B  MOV RD, ACC
04E9  [540] cmp zero
      04E9  7C  CMP ZERO
04EA  [541] jeq @OLED_BEGIN_DATA_STREAM__B4_ZERO
      04EA  DC  LDL RA, #28
      04EB  37  LDH RA, #7
      04EC  A8  MOV PRL, RA
      04ED  C4  LDL RA, #4
      04EE  B0  MOV PRH, RA
      04EF  18  JEQ
04F0  [542] call @OLED_BEGIN_DATA_STREAM__SEND_BIT_ONE
      04F0  CD  LDL RA, #13
      04F1  34  LDH RA, #4
      04F2  A8  MOV PRL, RA
      04F3  C5  LDL RA, #5
      04F4  B0  MOV PRH, RA
      04F5  07  JAL
04F6  [543] jmp @OLED_BEGIN_DATA_STREAM__B3
      04F6  C2  LDL RA, #2
      04F7  30  LDH RA, #0
      04F8  A8  MOV PRL, RA
      04F9  C5  LDL RA, #5
      04FA  B0  MOV PRH, RA
      04FB  1F  JMP
04FC  [545] call @OLED_BEGIN_DATA_STREAM__SEND_BIT_ZERO
      04FC  DB  LDL RA, #27
      04FD  33  LDH RA, #3
      04FE  A8  MOV PRL, RA
      04FF  C5  LDL RA, #5
      0500  B0  MOV PRH, RA
      0501  07  JAL
0502  [548] mov rd, rb
      0502  8A  MOV RD, RB
0503  [549] ldi #0x08
      0503  C8  LDL RA, #8
0504  [550] and ra
      0504  10  AND RA
0505  [551] mov rd, acc
      0505  8B  MOV RD, ACC
0506  [552] cmp zero
      0506  7C  CMP ZERO
0507  [553] jeq @OLED_BEGIN_DATA_STREAM__B3_ZERO
      0507  D9  LDL RA, #25
      0508  30  LDH RA, #0
      0509  A8  MOV PRL, RA
      050A  C5  LDL RA, #5
      050B  B0  MOV PRH, RA
      050C  18  JEQ
050D  [554] call @OLED_BEGIN_DATA_STREAM__SEND_BIT_ONE
      050D  CD  LDL RA, #13
      050E  34  LDH RA, #4
      050F  A8  MOV PRL, RA
      0510  C5  LDL RA, #5
      0511  B0  MOV PRH, RA
      0512  07  JAL
0513  [555] jmp @OLED_BEGIN_DATA_STREAM__B2
      0513  DF  LDL RA, #31
      0514  30  LDH RA, #0
      0515  A8  MOV PRL, RA
      0516  C5  LDL RA, #5
      0517  B0  MOV PRH, RA
      0518  1F  JMP
0519  [557] call @OLED_BEGIN_DATA_STREAM__SEND_BIT_ZERO
      0519  DB  LDL RA, #27
      051A  33  LDH RA, #3
      051B  A8  MOV PRL, RA
      051C  C5  LDL RA, #5
      051D  B0  MOV PRH, RA
      051E  07  JAL
051F  [560] mov rd, rb
      051F  8A  MOV RD, RB
0520  [561] ldi #0x04
      0520  C4  LDL RA, #4
0521  [562] and ra
      0521  10  AND RA
0522  [563] mov rd, acc
      0522  8B  MOV RD, ACC
0523  [564] cmp zero
      0523  7C  CMP ZERO
0524  [565] jeq @OLED_BEGIN_DATA_STREAM__B2_ZERO
      0524  D6  LDL RA, #22
      0525  31  LDH RA, #1
      0526  A8  MOV PRL, RA
      0527  C5  LDL RA, #5
      0528  B0  MOV PRH, RA
      0529  18  JEQ
052A  [566] call @OLED_BEGIN_DATA_STREAM__SEND_BIT_ONE
      052A  CD  LDL RA, #13
      052B  34  LDH RA, #4
      052C  A8  MOV PRL, RA
      052D  C5  LDL RA, #5
      052E  B0  MOV PRH, RA
      052F  07  JAL
0530  [567] jmp @OLED_BEGIN_DATA_STREAM__B1
      0530  DC  LDL RA, #28
      0531  31  LDH RA, #1
      0532  A8  MOV PRL, RA
      0533  C5  LDL RA, #5
      0534  B0  MOV PRH, RA
      0535  1F  JMP
0536  [569] call @OLED_BEGIN_DATA_STREAM__SEND_BIT_ZERO
      0536  DB  LDL RA, #27
      0537  33  LDH RA, #3
      0538  A8  MOV PRL, RA
      0539  C5  LDL RA, #5
      053A  B0  MOV PRH, RA
      053B  07  JAL
053C  [572] mov rd, rb
      053C  8A  MOV RD, RB
053D  [573] ldi #0x02
      053D  C2  LDL RA, #2
053E  [574] and ra
      053E  10  AND RA
053F  [575] mov rd, acc
      053F  8B  MOV RD, ACC
0540  [576] cmp zero
      0540  7C  CMP ZERO
0541  [577] jeq @OLED_BEGIN_DATA_STREAM__B1_ZERO
      0541  D8  LDL RA, #24
      0542  32  LDH RA, #2
      0543  A8  MOV PRL, RA
      0544  C5  LDL RA, #5
      0545  B0  MOV PRH, RA
      0546  18  JEQ
0547  [578] call @OLED_BEGIN_DATA_STREAM__SEND_BIT_ONE
      0547  CD  LDL RA, #13
      0548  34  LDH RA, #4
      0549  A8  MOV PRL, RA
      054A  C5  LDL RA, #5
      054B  B0  MOV PRH, RA
      054C  07  JAL
054D  [579] jmp @OLED_BEGIN_DATA_STREAM__B0
      054D  DE  LDL RA, #30
      054E  32  LDH RA, #2
      054F  A8  MOV PRL, RA
      0550  C5  LDL RA, #5
      0551  B0  MOV PRH, RA
      0552  1F  JMP
0553  [580] nop
      0553  00  NOP
0554  [581] nop
      0554  00  NOP
0555  [582] nop
      0555  00  NOP
0556  [583] nop
      0556  00  NOP
0557  [584] nop
      0557  00  NOP
0558  [586] call @OLED_BEGIN_DATA_STREAM__SEND_BIT_ZERO
      0558  DB  LDL RA, #27
      0559  33  LDH RA, #3
      055A  A8  MOV PRL, RA
      055B  C5  LDL RA, #5
      055C  B0  MOV PRH, RA
      055D  07  JAL
055E  [589] mov rd, rb
      055E  8A  MOV RD, RB
055F  [590] ldi #0x01
      055F  C1  LDL RA, #1
0560  [591] and ra
      0560  10  AND RA
0561  [592] mov rd, acc
      0561  8B  MOV RD, ACC
0562  [593] cmp zero
      0562  7C  CMP ZERO
0563  [594] jeq @OLED_BEGIN_DATA_STREAM__B0_ZERO
      0563  D2  LDL RA, #18
      0564  33  LDH RA, #3
      0565  A8  MOV PRL, RA
      0566  C5  LDL RA, #5
      0567  B0  MOV PRH, RA
      0568  18  JEQ
0569  [595] call @OLED_BEGIN_DATA_STREAM__SEND_BIT_ONE
      0569  CD  LDL RA, #13
      056A  34  LDH RA, #4
      056B  A8  MOV PRL, RA
      056C  C5  LDL RA, #5
      056D  B0  MOV PRH, RA
      056E  07  JAL
056F  [596] ret :stack
      056F  2E  POP PRH
      0570  2D  POP PRL
      0571  1F  JMP
0572  [598] call @OLED_BEGIN_DATA_STREAM__SEND_BIT_ZERO
      0572  DB  LDL RA, #27
      0573  33  LDH RA, #3
      0574  A8  MOV PRL, RA
      0575  C5  LDL RA, #5
      0576  B0  MOV PRH, RA
      0577  07  JAL
0578  [599] ret :stack
      0578  2E  POP PRH
      0579  2D  POP PRL
      057A  1F  JMP
057B  [602] push lrl
      057B  25  PUSH LRL
057C  [603] push lrh
      057C  26  PUSH LRH
057D  [605] ldi $OLED_GPIO_BASE_H
      057D  C8  LDL RA, #8
057E  [606] mov marh, ra
      057E  A0  MOV MARH, RA
057F  [607] ldi $OLED_GPIO_DIR1_L
      057F  D1  LDL RA, #17
      0580  31  LDH RA, #1
0581  [608] mov marl, ra
      0581  98  MOV MARL, RA
0582  [609] ldi $OLED_SDA_DRIVE_LOW
      0582  C1  LDL RA, #1
0583  [610] mov m, ra
      0583  B8  MOV M, RA
0584  [611] call @OLED_BEGIN_DATA_STREAM__PULSE_SCL
      0584  DE  LDL RA, #30
      0585  34  LDH RA, #4
      0586  A8  MOV PRL, RA
      0587  C5  LDL RA, #5
      0588  B0  MOV PRH, RA
      0589  07  JAL
058A  [612] ret :stack
      058A  2E  POP PRH
      058B  2D  POP PRL
      058C  1F  JMP
058D  [615] push lrl
      058D  25  PUSH LRL
058E  [616] push lrh
      058E  26  PUSH LRH
058F  [618] ldi $OLED_GPIO_BASE_H
      058F  C8  LDL RA, #8
0590  [619] mov marh, ra
      0590  A0  MOV MARH, RA
0591  [620] ldi $OLED_GPIO_DIR1_L
      0591  D1  LDL RA, #17
      0592  31  LDH RA, #1
0593  [621] mov marl, ra
      0593  98  MOV MARL, RA
0594  [622] mov m, zero
      0594  BC  MOV M, ZERO
0595  [623] call @OLED_BEGIN_DATA_STREAM__PULSE_SCL
      0595  DE  LDL RA, #30
      0596  34  LDH RA, #4
      0597  A8  MOV PRL, RA
      0598  C5  LDL RA, #5
      0599  B0  MOV PRH, RA
      059A  07  JAL
059B  [624] ret :stack
      059B  2E  POP PRH
      059C  2D  POP PRL
      059D  1F  JMP
059E  [627] push lrl
      059E  25  PUSH LRL
059F  [628] push lrh
      059F  26  PUSH LRH
05A0  [630] call @OLED_BEGIN_DATA_STREAM__DELAY_SHORT
      05A0  C6  LDL RA, #6
      05A1  36  LDH RA, #6
      05A2  A8  MOV PRL, RA
      05A3  C5  LDL RA, #5
      05A4  B0  MOV PRH, RA
      05A5  07  JAL
05A6  [631] ldi $OLED_GPIO_BASE_H
      05A6  C8  LDL RA, #8
05A7  [632] mov marh, ra
      05A7  A0  MOV MARH, RA
05A8  [633] ldi $OLED_GPIO_DIR0_L
      05A8  D0  LDL RA, #16
      05A9  31  LDH RA, #1
05AA  [634] mov marl, ra
      05AA  98  MOV MARL, RA
05AB  [635] mov m, zero
      05AB  BC  MOV M, ZERO
05AC  [636] call @OLED_BEGIN_DATA_STREAM__DELAY_SHORT
      05AC  C6  LDL RA, #6
      05AD  36  LDH RA, #6
      05AE  A8  MOV PRL, RA
      05AF  C5  LDL RA, #5
      05B0  B0  MOV PRH, RA
      05B1  07  JAL
05B2  [637] call @OLED_BEGIN_DATA_STREAM__DELAY_SHORT
      05B2  C6  LDL RA, #6
      05B3  36  LDH RA, #6
      05B4  A8  MOV PRL, RA
      05B5  C5  LDL RA, #5
      05B6  B0  MOV PRH, RA
      05B7  07  JAL
05B8  [638] ldi $OLED_GPIO_DIR0_L
      05B8  D0  LDL RA, #16
      05B9  31  LDH RA, #1
05BA  [639] mov marl, ra
      05BA  98  MOV MARL, RA
05BB  [640] ldi $OLED_SCL_DRIVE_LOW
      05BB  C1  LDL RA, #1
05BC  [641] mov m, ra
      05BC  B8  MOV M, RA
05BD  [642] call @OLED_BEGIN_DATA_STREAM__DELAY_SHORT
      05BD  C6  LDL RA, #6
      05BE  36  LDH RA, #6
      05BF  A8  MOV PRL, RA
      05C0  C5  LDL RA, #5
      05C1  B0  MOV PRH, RA
      05C2  07  JAL
05C3  [643] ret :stack
      05C3  2E  POP PRH
      05C4  2D  POP PRL
      05C5  1F  JMP
05C6  [646] ldi rd, $OLED_DELAY_COUNT
      05C6  F0  LDL RD, #16
05C7  [648] subi #1
      05C7  69  SUBI #1
05C8  [649] mov rd, acc
      05C8  8B  MOV RD, ACC
05C9  [650] jne @OLED_BEGIN_DATA_STREAM__DELAY_LOOP
      05C9  C7  LDL RA, #7
      05CA  36  LDH RA, #6
      05CB  A8  MOV PRL, RA
      05CC  C5  LDL RA, #5
      05CD  B0  MOV PRH, RA
      05CE  19  JNE
05CF  [651] ret
      05CF  AD  MOV PRL, LRL
      05D0  B6  MOV PRH, LRH
      05D1  1F  JMP
05D2  [664] push lrl
      05D2  25  PUSH LRL
05D3  [665] push lrh
      05D3  26  PUSH LRH
05D4  [667] call @OLED_STREAM_DATA_BYTE__SEND_BYTE
      05D4  CD  LDL RA, #13
      05D5  32  LDH RA, #2
      05D6  A8  MOV PRL, RA
      05D7  C6  LDL RA, #6
      05D8  B0  MOV PRH, RA
      05D9  07  JAL
05DA  [668] call @OLED_STREAM_DATA_BYTE__READ_ACK
      05DA  DD  LDL RA, #29
      05DB  30  LDH RA, #0
      05DC  A8  MOV PRL, RA
      05DD  C6  LDL RA, #6
      05DE  B0  MOV PRH, RA
      05DF  07  JAL
05E0  [669] mov rd, rb
      05E0  8A  MOV RD, RB
05E1  [670] cmp zero
      05E1  7C  CMP ZERO
05E2  [671] jne @OLED_STREAM_DATA_BYTE__FAIL_DATA
      05E2  CC  LDL RA, #12
      05E3  37  LDH RA, #7
      05E4  A8  MOV PRL, RA
      05E5  C5  LDL RA, #5
      05E6  B0  MOV PRH, RA
      05E7  19  JNE
05E8  [673] mov rb, zero
      05E8  94  MOV RB, ZERO
05E9  [674] ret :stack
      05E9  2E  POP PRH
      05EA  2D  POP PRL
      05EB  1F  JMP
05EC  [677] call @OLED_STREAM_DATA_BYTE__I2C_STOP
      05EC  D7  LDL RA, #23
      05ED  37  LDH RA, #7
      05EE  A8  MOV PRL, RA
      05EF  C5  LDL RA, #5
      05F0  B0  MOV PRH, RA
      05F1  07  JAL
05F2  [678] ldi $OLED_ERR_DATA
      05F2  C5  LDL RA, #5
05F3  [679] mov rb, ra
      05F3  90  MOV RB, RA
05F4  [680] ret :stack
      05F4  2E  POP PRH
      05F5  2D  POP PRL
      05F6  1F  JMP
05F7  [683] push lrl
      05F7  25  PUSH LRL
05F8  [684] push lrh
      05F8  26  PUSH LRH
05F9  [686] ldi $OLED_GPIO_BASE_H
      05F9  C8  LDL RA, #8
05FA  [687] mov marh, ra
      05FA  A0  MOV MARH, RA
05FB  [689] ldi $OLED_GPIO_DIR1_L
      05FB  D1  LDL RA, #17
      05FC  31  LDH RA, #1
05FD  [690] mov marl, ra
      05FD  98  MOV MARL, RA
05FE  [691] ldi $OLED_SDA_DRIVE_LOW
      05FE  C1  LDL RA, #1
05FF  [692] mov m, ra
      05FF  B8  MOV M, RA
0600  [693] call @OLED_STREAM_DATA_BYTE__DELAY_SHORT
      0600  CA  LDL RA, #10
      0601  34  LDH RA, #4
      0602  A8  MOV PRL, RA
      0603  C7  LDL RA, #7
      0604  B0  MOV PRH, RA
      0605  07  JAL
0606  [695] ldi $OLED_GPIO_DIR0_L
      0606  D0  LDL RA, #16
      0607  31  LDH RA, #1
0608  [696] mov marl, ra
      0608  98  MOV MARL, RA
0609  [697] mov m, zero
      0609  BC  MOV M, ZERO
060A  [698] call @OLED_STREAM_DATA_BYTE__DELAY_SHORT
      060A  CA  LDL RA, #10
      060B  34  LDH RA, #4
      060C  A8  MOV PRL, RA
      060D  C7  LDL RA, #7
      060E  B0  MOV PRH, RA
      060F  07  JAL
0610  [700] ldi $OLED_GPIO_DIR1_L
      0610  D1  LDL RA, #17
      0611  31  LDH RA, #1
0612  [701] mov marl, ra
      0612  98  MOV MARL, RA
0613  [702] mov m, zero
      0613  BC  MOV M, ZERO
0614  [703] call @OLED_STREAM_DATA_BYTE__DELAY_SHORT
      0614  CA  LDL RA, #10
      0615  34  LDH RA, #4
      0616  A8  MOV PRL, RA
      0617  C7  LDL RA, #7
      0618  B0  MOV PRH, RA
      0619  07  JAL
061A  [704] ret :stack
      061A  2E  POP PRH
      061B  2D  POP PRL
      061C  1F  JMP
061D  [707] push lrl
      061D  25  PUSH LRL
061E  [708] push lrh
      061E  26  PUSH LRH
061F  [710] ldi $OLED_GPIO_BASE_H
      061F  C8  LDL RA, #8
0620  [711] mov marh, ra
      0620  A0  MOV MARH, RA
0621  [712] ldi $OLED_GPIO_DIR1_L
      0621  D1  LDL RA, #17
      0622  31  LDH RA, #1
0623  [713] mov marl, ra
      0623  98  MOV MARL, RA
0624  [714] mov m, zero
      0624  BC  MOV M, ZERO
0625  [715] call @OLED_STREAM_DATA_BYTE__DELAY_SHORT
      0625  CA  LDL RA, #10
      0626  34  LDH RA, #4
      0627  A8  MOV PRL, RA
      0628  C7  LDL RA, #7
      0629  B0  MOV PRH, RA
      062A  07  JAL
062B  [717] ldi $OLED_GPIO_DIR0_L
      062B  D0  LDL RA, #16
      062C  31  LDH RA, #1
062D  [718] mov marl, ra
      062D  98  MOV MARL, RA
062E  [719] mov m, zero
      062E  BC  MOV M, ZERO
062F  [720] call @OLED_STREAM_DATA_BYTE__DELAY_SHORT
      062F  CA  LDL RA, #10
      0630  34  LDH RA, #4
      0631  A8  MOV PRL, RA
      0632  C7  LDL RA, #7
      0633  B0  MOV PRH, RA
      0634  07  JAL
0635  [721] call @OLED_STREAM_DATA_BYTE__DELAY_SHORT
      0635  CA  LDL RA, #10
      0636  34  LDH RA, #4
      0637  A8  MOV PRL, RA
      0638  C7  LDL RA, #7
      0639  B0  MOV PRH, RA
      063A  07  JAL
063B  [723] ldi $OLED_GPIO_IN1_L
      063B  D1  LDL RA, #17
063C  [724] mov marl, ra
      063C  98  MOV MARL, RA
063D  [725] mov rd, m
      063D  8F  MOV RD, M
063E  [726] mov rb, rd
      063E  91  MOV RB, RD
063F  [728] ldi $OLED_GPIO_DIR0_L
      063F  D0  LDL RA, #16
      0640  31  LDH RA, #1
0641  [729] mov marl, ra
      0641  98  MOV MARL, RA
0642  [730] ldi $OLED_SCL_DRIVE_LOW
      0642  C1  LDL RA, #1
0643  [731] mov m, ra
      0643  B8  MOV M, RA
0644  [732] call @OLED_STREAM_DATA_BYTE__DELAY_SHORT
      0644  CA  LDL RA, #10
      0645  34  LDH RA, #4
      0646  A8  MOV PRL, RA
      0647  C7  LDL RA, #7
      0648  B0  MOV PRH, RA
      0649  07  JAL
064A  [733] ret :stack
      064A  2E  POP PRH
      064B  2D  POP PRL
      064C  1F  JMP
064D  [736] push lrl
      064D  25  PUSH LRL
064E  [737] push lrh
      064E  26  PUSH LRH
064F  [739] mov rd, rb
      064F  8A  MOV RD, RB
0650  [740] ldi #0x80
      0650  C0  LDL RA, #0
      0651  34  LDH RA, #4
0652  [741] and ra
      0652  10  AND RA
0653  [742] mov rd, acc
      0653  8B  MOV RD, ACC
0654  [743] cmp zero
      0654  7C  CMP ZERO
0655  [744] jeq @OLED_STREAM_DATA_BYTE__B7_ZERO
      0655  C7  LDL RA, #7
      0656  33  LDH RA, #3
      0657  A8  MOV PRL, RA
      0658  C6  LDL RA, #6
      0659  B0  MOV PRH, RA
      065A  18  JEQ
065B  [745] call @OLED_STREAM_DATA_BYTE__SEND_BIT_ONE
      065B  D1  LDL RA, #17
      065C  32  LDH RA, #2
      065D  A8  MOV PRL, RA
      065E  C7  LDL RA, #7
      065F  B0  MOV PRH, RA
      0660  07  JAL
0661  [746] jmp @OLED_STREAM_DATA_BYTE__B6
      0661  CD  LDL RA, #13
      0662  33  LDH RA, #3
      0663  A8  MOV PRL, RA
      0664  C6  LDL RA, #6
      0665  B0  MOV PRH, RA
      0666  1F  JMP
0667  [748] call @OLED_STREAM_DATA_BYTE__SEND_BIT_ZERO
      0667  DF  LDL RA, #31
      0668  31  LDH RA, #1
      0669  A8  MOV PRL, RA
      066A  C7  LDL RA, #7
      066B  B0  MOV PRH, RA
      066C  07  JAL
066D  [751] mov rd, rb
      066D  8A  MOV RD, RB
066E  [752] ldi #0x40
      066E  C0  LDL RA, #0
      066F  32  LDH RA, #2
0670  [753] and ra
      0670  10  AND RA
0671  [754] mov rd, acc
      0671  8B  MOV RD, ACC
0672  [755] cmp zero
      0672  7C  CMP ZERO
0673  [756] jeq @OLED_STREAM_DATA_BYTE__B6_ZERO
      0673  C5  LDL RA, #5
      0674  34  LDH RA, #4
      0675  A8  MOV PRL, RA
      0676  C6  LDL RA, #6
      0677  B0  MOV PRH, RA
      0678  18  JEQ
0679  [757] call @OLED_STREAM_DATA_BYTE__SEND_BIT_ONE
      0679  D1  LDL RA, #17
      067A  32  LDH RA, #2
      067B  A8  MOV PRL, RA
      067C  C7  LDL RA, #7
      067D  B0  MOV PRH, RA
      067E  07  JAL
067F  [758] jmp @OLED_STREAM_DATA_BYTE__B5
      067F  CB  LDL RA, #11
      0680  34  LDH RA, #4
      0681  A8  MOV PRL, RA
      0682  C6  LDL RA, #6
      0683  B0  MOV PRH, RA
      0684  1F  JMP
0685  [760] call @OLED_STREAM_DATA_BYTE__SEND_BIT_ZERO
      0685  DF  LDL RA, #31
      0686  31  LDH RA, #1
      0687  A8  MOV PRL, RA
      0688  C7  LDL RA, #7
      0689  B0  MOV PRH, RA
      068A  07  JAL
068B  [763] mov rd, rb
      068B  8A  MOV RD, RB
068C  [764] ldi #0x20
      068C  C0  LDL RA, #0
      068D  31  LDH RA, #1
068E  [765] and ra
      068E  10  AND RA
068F  [766] mov rd, acc
      068F  8B  MOV RD, ACC
0690  [767] cmp zero
      0690  7C  CMP ZERO
0691  [768] jeq @OLED_STREAM_DATA_BYTE__B5_ZERO
      0691  C3  LDL RA, #3
      0692  35  LDH RA, #5
      0693  A8  MOV PRL, RA
      0694  C6  LDL RA, #6
      0695  B0  MOV PRH, RA
      0696  18  JEQ
0697  [769] call @OLED_STREAM_DATA_BYTE__SEND_BIT_ONE
      0697  D1  LDL RA, #17
      0698  32  LDH RA, #2
      0699  A8  MOV PRL, RA
      069A  C7  LDL RA, #7
      069B  B0  MOV PRH, RA
      069C  07  JAL
069D  [770] jmp @OLED_STREAM_DATA_BYTE__B4
      069D  C9  LDL RA, #9
      069E  35  LDH RA, #5
      069F  A8  MOV PRL, RA
      06A0  C6  LDL RA, #6
      06A1  B0  MOV PRH, RA
      06A2  1F  JMP
06A3  [772] call @OLED_STREAM_DATA_BYTE__SEND_BIT_ZERO
      06A3  DF  LDL RA, #31
      06A4  31  LDH RA, #1
      06A5  A8  MOV PRL, RA
      06A6  C7  LDL RA, #7
      06A7  B0  MOV PRH, RA
      06A8  07  JAL
06A9  [775] mov rd, rb
      06A9  8A  MOV RD, RB
06AA  [776] ldi #0x10
      06AA  D0  LDL RA, #16
06AB  [777] and ra
      06AB  10  AND RA
06AC  [778] mov rd, acc
      06AC  8B  MOV RD, ACC
06AD  [779] cmp zero
      06AD  7C  CMP ZERO
06AE  [780] jeq @OLED_STREAM_DATA_BYTE__B4_ZERO
      06AE  C0  LDL RA, #0
      06AF  36  LDH RA, #6
      06B0  A8  MOV PRL, RA
      06B1  C6  LDL RA, #6
      06B2  B0  MOV PRH, RA
      06B3  18  JEQ
06B4  [781] call @OLED_STREAM_DATA_BYTE__SEND_BIT_ONE
      06B4  D1  LDL RA, #17
      06B5  32  LDH RA, #2
      06B6  A8  MOV PRL, RA
      06B7  C7  LDL RA, #7
      06B8  B0  MOV PRH, RA
      06B9  07  JAL
06BA  [782] jmp @OLED_STREAM_DATA_BYTE__B3
      06BA  C6  LDL RA, #6
      06BB  36  LDH RA, #6
      06BC  A8  MOV PRL, RA
      06BD  C6  LDL RA, #6
      06BE  B0  MOV PRH, RA
      06BF  1F  JMP
06C0  [784] call @OLED_STREAM_DATA_BYTE__SEND_BIT_ZERO
      06C0  DF  LDL RA, #31
      06C1  31  LDH RA, #1
      06C2  A8  MOV PRL, RA
      06C3  C7  LDL RA, #7
      06C4  B0  MOV PRH, RA
      06C5  07  JAL
06C6  [787] mov rd, rb
      06C6  8A  MOV RD, RB
06C7  [788] ldi #0x08
      06C7  C8  LDL RA, #8
06C8  [789] and ra
      06C8  10  AND RA
06C9  [790] mov rd, acc
      06C9  8B  MOV RD, ACC
06CA  [791] cmp zero
      06CA  7C  CMP ZERO
06CB  [792] jeq @OLED_STREAM_DATA_BYTE__B3_ZERO
      06CB  DD  LDL RA, #29
      06CC  36  LDH RA, #6
      06CD  A8  MOV PRL, RA
      06CE  C6  LDL RA, #6
      06CF  B0  MOV PRH, RA
      06D0  18  JEQ
06D1  [793] call @OLED_STREAM_DATA_BYTE__SEND_BIT_ONE
      06D1  D1  LDL RA, #17
      06D2  32  LDH RA, #2
      06D3  A8  MOV PRL, RA
      06D4  C7  LDL RA, #7
      06D5  B0  MOV PRH, RA
      06D6  07  JAL
06D7  [794] jmp @OLED_STREAM_DATA_BYTE__B2
      06D7  C3  LDL RA, #3
      06D8  37  LDH RA, #7
      06D9  A8  MOV PRL, RA
      06DA  C6  LDL RA, #6
      06DB  B0  MOV PRH, RA
      06DC  1F  JMP
06DD  [796] call @OLED_STREAM_DATA_BYTE__SEND_BIT_ZERO
      06DD  DF  LDL RA, #31
      06DE  31  LDH RA, #1
      06DF  A8  MOV PRL, RA
      06E0  C7  LDL RA, #7
      06E1  B0  MOV PRH, RA
      06E2  07  JAL
06E3  [799] mov rd, rb
      06E3  8A  MOV RD, RB
06E4  [800] ldi #0x04
      06E4  C4  LDL RA, #4
06E5  [801] and ra
      06E5  10  AND RA
06E6  [802] mov rd, acc
      06E6  8B  MOV RD, ACC
06E7  [803] cmp zero
      06E7  7C  CMP ZERO
06E8  [804] jeq @OLED_STREAM_DATA_BYTE__B2_ZERO
      06E8  DA  LDL RA, #26
      06E9  37  LDH RA, #7
      06EA  A8  MOV PRL, RA
      06EB  C6  LDL RA, #6
      06EC  B0  MOV PRH, RA
      06ED  18  JEQ
06EE  [805] call @OLED_STREAM_DATA_BYTE__SEND_BIT_ONE
      06EE  D1  LDL RA, #17
      06EF  32  LDH RA, #2
      06F0  A8  MOV PRL, RA
      06F1  C7  LDL RA, #7
      06F2  B0  MOV PRH, RA
      06F3  07  JAL
06F4  [806] jmp @OLED_STREAM_DATA_BYTE__B1
      06F4  C0  LDL RA, #0
      06F5  30  LDH RA, #0
      06F6  A8  MOV PRL, RA
      06F7  C7  LDL RA, #7
      06F8  B0  MOV PRH, RA
      06F9  1F  JMP
06FA  [808] call @OLED_STREAM_DATA_BYTE__SEND_BIT_ZERO
      06FA  DF  LDL RA, #31
      06FB  31  LDH RA, #1
      06FC  A8  MOV PRL, RA
      06FD  C7  LDL RA, #7
      06FE  B0  MOV PRH, RA
      06FF  07  JAL
0700  [811] mov rd, rb
      0700  8A  MOV RD, RB
0701  [812] ldi #0x02
      0701  C2  LDL RA, #2
0702  [813] and ra
      0702  10  AND RA
0703  [814] mov rd, acc
      0703  8B  MOV RD, ACC
0704  [815] cmp zero
      0704  7C  CMP ZERO
0705  [816] jeq @OLED_STREAM_DATA_BYTE__B1_ZERO
      0705  DC  LDL RA, #28
      0706  30  LDH RA, #0
      0707  A8  MOV PRL, RA
      0708  C7  LDL RA, #7
      0709  B0  MOV PRH, RA
      070A  18  JEQ
070B  [817] call @OLED_STREAM_DATA_BYTE__SEND_BIT_ONE
      070B  D1  LDL RA, #17
      070C  32  LDH RA, #2
      070D  A8  MOV PRL, RA
      070E  C7  LDL RA, #7
      070F  B0  MOV PRH, RA
      0710  07  JAL
0711  [818] jmp @OLED_STREAM_DATA_BYTE__B0
      0711  C2  LDL RA, #2
      0712  31  LDH RA, #1
      0713  A8  MOV PRL, RA
      0714  C7  LDL RA, #7
      0715  B0  MOV PRH, RA
      0716  1F  JMP
0717  [819] nop
      0717  00  NOP
0718  [820] nop
      0718  00  NOP
0719  [821] nop
      0719  00  NOP
071A  [822] nop
      071A  00  NOP
071B  [823] nop
      071B  00  NOP
071C  [825] call @OLED_STREAM_DATA_BYTE__SEND_BIT_ZERO
      071C  DF  LDL RA, #31
      071D  31  LDH RA, #1
      071E  A8  MOV PRL, RA
      071F  C7  LDL RA, #7
      0720  B0  MOV PRH, RA
      0721  07  JAL
0722  [828] mov rd, rb
      0722  8A  MOV RD, RB
0723  [829] ldi #0x01
      0723  C1  LDL RA, #1
0724  [830] and ra
      0724  10  AND RA
0725  [831] mov rd, acc
      0725  8B  MOV RD, ACC
0726  [832] cmp zero
      0726  7C  CMP ZERO
0727  [833] jeq @OLED_STREAM_DATA_BYTE__B0_ZERO
      0727  D6  LDL RA, #22
      0728  31  LDH RA, #1
      0729  A8  MOV PRL, RA
      072A  C7  LDL RA, #7
      072B  B0  MOV PRH, RA
      072C  18  JEQ
072D  [834] call @OLED_STREAM_DATA_BYTE__SEND_BIT_ONE
      072D  D1  LDL RA, #17
      072E  32  LDH RA, #2
      072F  A8  MOV PRL, RA
      0730  C7  LDL RA, #7
      0731  B0  MOV PRH, RA
      0732  07  JAL
0733  [835] ret :stack
      0733  2E  POP PRH
      0734  2D  POP PRL
      0735  1F  JMP
0736  [837] call @OLED_STREAM_DATA_BYTE__SEND_BIT_ZERO
      0736  DF  LDL RA, #31
      0737  31  LDH RA, #1
      0738  A8  MOV PRL, RA
      0739  C7  LDL RA, #7
      073A  B0  MOV PRH, RA
      073B  07  JAL
073C  [838] ret :stack
      073C  2E  POP PRH
      073D  2D  POP PRL
      073E  1F  JMP
073F  [841] push lrl
      073F  25  PUSH LRL
0740  [842] push lrh
      0740  26  PUSH LRH
0741  [844] ldi $OLED_GPIO_BASE_H
      0741  C8  LDL RA, #8
0742  [845] mov marh, ra
      0742  A0  MOV MARH, RA
0743  [846] ldi $OLED_GPIO_DIR1_L
      0743  D1  LDL RA, #17
      0744  31  LDH RA, #1
0745  [847] mov marl, ra
      0745  98  MOV MARL, RA
0746  [848] ldi $OLED_SDA_DRIVE_LOW
      0746  C1  LDL RA, #1
0747  [849] mov m, ra
      0747  B8  MOV M, RA
0748  [850] call @OLED_STREAM_DATA_BYTE__PULSE_SCL
      0748  C2  LDL RA, #2
      0749  33  LDH RA, #3
      074A  A8  MOV PRL, RA
      074B  C7  LDL RA, #7
      074C  B0  MOV PRH, RA
      074D  07  JAL
074E  [851] ret :stack
      074E  2E  POP PRH
      074F  2D  POP PRL
      0750  1F  JMP
0751  [854] push lrl
      0751  25  PUSH LRL
0752  [855] push lrh
      0752  26  PUSH LRH
0753  [857] ldi $OLED_GPIO_BASE_H
      0753  C8  LDL RA, #8
0754  [858] mov marh, ra
      0754  A0  MOV MARH, RA
0755  [859] ldi $OLED_GPIO_DIR1_L
      0755  D1  LDL RA, #17
      0756  31  LDH RA, #1
0757  [860] mov marl, ra
      0757  98  MOV MARL, RA
0758  [861] mov m, zero
      0758  BC  MOV M, ZERO
0759  [862] call @OLED_STREAM_DATA_BYTE__PULSE_SCL
      0759  C2  LDL RA, #2
      075A  33  LDH RA, #3
      075B  A8  MOV PRL, RA
      075C  C7  LDL RA, #7
      075D  B0  MOV PRH, RA
      075E  07  JAL
075F  [863] ret :stack
      075F  2E  POP PRH
      0760  2D  POP PRL
      0761  1F  JMP
0762  [866] push lrl
      0762  25  PUSH LRL
0763  [867] push lrh
      0763  26  PUSH LRH
0764  [869] call @OLED_STREAM_DATA_BYTE__DELAY_SHORT
      0764  CA  LDL RA, #10
      0765  34  LDH RA, #4
      0766  A8  MOV PRL, RA
      0767  C7  LDL RA, #7
      0768  B0  MOV PRH, RA
      0769  07  JAL
076A  [870] ldi $OLED_GPIO_BASE_H
      076A  C8  LDL RA, #8
076B  [871] mov marh, ra
      076B  A0  MOV MARH, RA
076C  [872] ldi $OLED_GPIO_DIR0_L
      076C  D0  LDL RA, #16
      076D  31  LDH RA, #1
076E  [873] mov marl, ra
      076E  98  MOV MARL, RA
076F  [874] mov m, zero
      076F  BC  MOV M, ZERO
0770  [875] call @OLED_STREAM_DATA_BYTE__DELAY_SHORT
      0770  CA  LDL RA, #10
      0771  34  LDH RA, #4
      0772  A8  MOV PRL, RA
      0773  C7  LDL RA, #7
      0774  B0  MOV PRH, RA
      0775  07  JAL
0776  [876] call @OLED_STREAM_DATA_BYTE__DELAY_SHORT
      0776  CA  LDL RA, #10
      0777  34  LDH RA, #4
      0778  A8  MOV PRL, RA
      0779  C7  LDL RA, #7
      077A  B0  MOV PRH, RA
      077B  07  JAL
077C  [877] ldi $OLED_GPIO_DIR0_L
      077C  D0  LDL RA, #16
      077D  31  LDH RA, #1
077E  [878] mov marl, ra
      077E  98  MOV MARL, RA
077F  [879] ldi $OLED_SCL_DRIVE_LOW
      077F  C1  LDL RA, #1
0780  [880] mov m, ra
      0780  B8  MOV M, RA
0781  [881] call @OLED_STREAM_DATA_BYTE__DELAY_SHORT
      0781  CA  LDL RA, #10
      0782  34  LDH RA, #4
      0783  A8  MOV PRL, RA
      0784  C7  LDL RA, #7
      0785  B0  MOV PRH, RA
      0786  07  JAL
0787  [882] ret :stack
      0787  2E  POP PRH
      0788  2D  POP PRL
      0789  1F  JMP
078A  [885] ldi rd, $OLED_DELAY_COUNT
      078A  F0  LDL RD, #16
078B  [887] subi #1
      078B  69  SUBI #1
078C  [888] mov rd, acc
      078C  8B  MOV RD, ACC
078D  [889] jne @OLED_STREAM_DATA_BYTE__DELAY_LOOP
      078D  CB  LDL RA, #11
      078E  34  LDH RA, #4
      078F  A8  MOV PRL, RA
      0790  C7  LDL RA, #7
      0791  B0  MOV PRH, RA
      0792  19  JNE
0793  [890] ret
      0793  AD  MOV PRL, LRL
      0794  B6  MOV PRH, LRH
      0795  1F  JMP
0796  [900] push lrl
      0796  25  PUSH LRL
0797  [901] push lrh
      0797  26  PUSH LRH
0798  [903] ldi $OLED_GPIO_BASE_H
      0798  C8  LDL RA, #8
0799  [904] mov marh, ra
      0799  A0  MOV MARH, RA
079A  [906] ldi $OLED_GPIO_DIR1_L
      079A  D1  LDL RA, #17
      079B  31  LDH RA, #1
079C  [907] mov marl, ra
      079C  98  MOV MARL, RA
079D  [908] ldi $OLED_SDA_DRIVE_LOW
      079D  C1  LDL RA, #1
079E  [909] mov m, ra
      079E  B8  MOV M, RA
079F  [910] call @OLED_END_STREAM__DELAY_SHORT
      079F  DD  LDL RA, #29
      07A0  35  LDH RA, #5
      07A1  A8  MOV PRL, RA
      07A2  C7  LDL RA, #7
      07A3  B0  MOV PRH, RA
      07A4  07  JAL
07A5  [912] ldi $OLED_GPIO_DIR0_L
      07A5  D0  LDL RA, #16
      07A6  31  LDH RA, #1
07A7  [913] mov marl, ra
      07A7  98  MOV MARL, RA
07A8  [914] mov m, zero
      07A8  BC  MOV M, ZERO
07A9  [915] call @OLED_END_STREAM__DELAY_SHORT
      07A9  DD  LDL RA, #29
      07AA  35  LDH RA, #5
      07AB  A8  MOV PRL, RA
      07AC  C7  LDL RA, #7
      07AD  B0  MOV PRH, RA
      07AE  07  JAL
07AF  [917] ldi $OLED_GPIO_DIR1_L
      07AF  D1  LDL RA, #17
      07B0  31  LDH RA, #1
07B1  [918] mov marl, ra
      07B1  98  MOV MARL, RA
07B2  [919] mov m, zero
      07B2  BC  MOV M, ZERO
07B3  [920] call @OLED_END_STREAM__DELAY_SHORT
      07B3  DD  LDL RA, #29
      07B4  35  LDH RA, #5
      07B5  A8  MOV PRL, RA
      07B6  C7  LDL RA, #7
      07B7  B0  MOV PRH, RA
      07B8  07  JAL
07B9  [922] mov rb, zero
      07B9  94  MOV RB, ZERO
07BA  [923] ret :stack
      07BA  2E  POP PRH
      07BB  2D  POP PRL
      07BC  1F  JMP
07BD  [926] ldi rd, $OLED_DELAY_COUNT
      07BD  F0  LDL RD, #16
07BE  [928] subi #1
      07BE  69  SUBI #1
07BF  [929] mov rd, acc
      07BF  8B  MOV RD, ACC
07C0  [930] jne @OLED_END_STREAM__DELAY_LOOP
      07C0  DE  LDL RA, #30
      07C1  35  LDH RA, #5
      07C2  A8  MOV PRL, RA
      07C3  C7  LDL RA, #7
      07C4  B0  MOV PRH, RA
      07C5  19  JNE
07C6  [931] ret
      07C6  AD  MOV PRL, LRL
      07C7  B6  MOV PRH, LRH
      07C8  1F  JMP
07C9  [946] push lrl
      07C9  25  PUSH LRL
07CA  [947] push lrh
      07CA  26  PUSH LRH
07CB  [949] ldi #0xAE
      07CB  CE  LDL RA, #14
      07CC  35  LDH RA, #5
07CD  [950] mov rb, ra
      07CD  90  MOV RB, RA
07CE  [951] call oled_write_command
      07CE  D0  LDL RA, #16
      07CF  37  LDH RA, #7
      07D0  A8  MOV PRL, RA
      07D1  B4  MOV PRH, ZERO
      07D2  07  JAL
07D3  [952] mov rd, rb
      07D3  8A  MOV RD, RB
07D4  [953] cmp zero
      07D4  7C  CMP ZERO
07D5  [954] jne @OLED_INIT_BASIC__FAIL
      07D5  C4  LDL RA, #4
      07D6  32  LDH RA, #2
      07D7  A8  MOV PRL, RA
      07D8  C8  LDL RA, #8
      07D9  B0  MOV PRH, RA
      07DA  19  JNE
07DB  [956] ldi #0x8D
      07DB  CD  LDL RA, #13
      07DC  34  LDH RA, #4
07DD  [957] mov rb, ra
      07DD  90  MOV RB, RA
07DE  [958] call oled_write_command
      07DE  D0  LDL RA, #16
      07DF  37  LDH RA, #7
      07E0  A8  MOV PRL, RA
      07E1  B4  MOV PRH, ZERO
      07E2  07  JAL
07E3  [959] mov rd, rb
      07E3  8A  MOV RD, RB
07E4  [960] cmp zero
      07E4  7C  CMP ZERO
07E5  [961] jne @OLED_INIT_BASIC__FAIL
      07E5  C4  LDL RA, #4
      07E6  32  LDH RA, #2
      07E7  A8  MOV PRL, RA
      07E8  C8  LDL RA, #8
      07E9  B0  MOV PRH, RA
      07EA  19  JNE
07EB  [963] ldi #0x14
      07EB  D4  LDL RA, #20
07EC  [964] mov rb, ra
      07EC  90  MOV RB, RA
07ED  [965] call oled_write_command
      07ED  D0  LDL RA, #16
      07EE  37  LDH RA, #7
      07EF  A8  MOV PRL, RA
      07F0  B4  MOV PRH, ZERO
      07F1  07  JAL
07F2  [966] mov rd, rb
      07F2  8A  MOV RD, RB
07F3  [967] cmp zero
      07F3  7C  CMP ZERO
07F4  [968] jne @OLED_INIT_BASIC__FAIL
      07F4  C4  LDL RA, #4
      07F5  32  LDH RA, #2
      07F6  A8  MOV PRL, RA
      07F7  C8  LDL RA, #8
      07F8  B0  MOV PRH, RA
      07F9  19  JNE
07FA  [970] ldi #0x20
      07FA  C0  LDL RA, #0
      07FB  31  LDH RA, #1
07FC  [971] mov rb, ra
      07FC  90  MOV RB, RA
07FD  [972] call oled_write_command
      07FD  D0  LDL RA, #16
      07FE  37  LDH RA, #7
      07FF  A8  MOV PRL, RA
      0800  B4  MOV PRH, ZERO
      0801  07  JAL
0802  [973] mov rd, rb
      0802  8A  MOV RD, RB
0803  [974] cmp zero
      0803  7C  CMP ZERO
0804  [975] jne @OLED_INIT_BASIC__FAIL
      0804  C4  LDL RA, #4
      0805  32  LDH RA, #2
      0806  A8  MOV PRL, RA
      0807  C8  LDL RA, #8
      0808  B0  MOV PRH, RA
      0809  19  JNE
080A  [977] ldi #0x02
      080A  C2  LDL RA, #2
080B  [978] mov rb, ra
      080B  90  MOV RB, RA
080C  [979] call oled_write_command
      080C  D0  LDL RA, #16
      080D  37  LDH RA, #7
      080E  A8  MOV PRL, RA
      080F  B4  MOV PRH, ZERO
      0810  07  JAL
0811  [980] mov rd, rb
      0811  8A  MOV RD, RB
0812  [981] cmp zero
      0812  7C  CMP ZERO
0813  [982] jne @OLED_INIT_BASIC__FAIL
      0813  C4  LDL RA, #4
      0814  32  LDH RA, #2
      0815  A8  MOV PRL, RA
      0816  C8  LDL RA, #8
      0817  B0  MOV PRH, RA
      0818  19  JNE
0819  [984] ldi #0xA4
      0819  C4  LDL RA, #4
      081A  35  LDH RA, #5
081B  [985] mov rb, ra
      081B  90  MOV RB, RA
081C  [986] call oled_write_command
      081C  D0  LDL RA, #16
      081D  37  LDH RA, #7
      081E  A8  MOV PRL, RA
      081F  B4  MOV PRH, ZERO
      0820  07  JAL
0821  [987] mov rd, rb
      0821  8A  MOV RD, RB
0822  [988] cmp zero
      0822  7C  CMP ZERO
0823  [989] jne @OLED_INIT_BASIC__FAIL
      0823  C4  LDL RA, #4
      0824  32  LDH RA, #2
      0825  A8  MOV PRL, RA
      0826  C8  LDL RA, #8
      0827  B0  MOV PRH, RA
      0828  19  JNE
0829  [991] ldi #0xA6
      0829  C6  LDL RA, #6
      082A  35  LDH RA, #5
082B  [992] mov rb, ra
      082B  90  MOV RB, RA
082C  [993] call oled_write_command
      082C  D0  LDL RA, #16
      082D  37  LDH RA, #7
      082E  A8  MOV PRL, RA
      082F  B4  MOV PRH, ZERO
      0830  07  JAL
0831  [994] mov rd, rb
      0831  8A  MOV RD, RB
0832  [995] cmp zero
      0832  7C  CMP ZERO
0833  [996] jne @OLED_INIT_BASIC__FAIL
      0833  C4  LDL RA, #4
      0834  32  LDH RA, #2
      0835  A8  MOV PRL, RA
      0836  C8  LDL RA, #8
      0837  B0  MOV PRH, RA
      0838  19  JNE
0839  [998] ldi #0xAF
      0839  CF  LDL RA, #15
      083A  35  LDH RA, #5
083B  [999] mov rb, ra
      083B  90  MOV RB, RA
083C  [1000] call oled_write_command
      083C  D0  LDL RA, #16
      083D  37  LDH RA, #7
      083E  A8  MOV PRL, RA
      083F  B4  MOV PRH, ZERO
      0840  07  JAL
0841  [1001] ret :stack
      0841  2E  POP PRH
      0842  2D  POP PRL
      0843  1F  JMP
0844  [1004] ret :stack
      0844  2E  POP PRH
      0845  2D  POP PRL
      0846  1F  JMP
0847  [1160] push lrl
      0847  25  PUSH LRL
0848  [1161] push lrh
      0848  26  PUSH LRH
0849  [1163] ldi $F_TMP_BASE_H
      0849  C0  LDL RA, #0
084A  [1164] mov marh, ra
      084A  A0  MOV MARH, RA
084B  [1165] ldi $F_T4_L
      084B  C4  LDL RA, #4
084C  [1166] mov marl, ra
      084C  98  MOV MARL, RA
084D  [1167] mov m, rb
      084D  BA  MOV M, RB
084E  [1169] ldi $F_T5_L
      084E  C5  LDL RA, #5
084F  [1170] mov marl, ra
      084F  98  MOV MARL, RA
0850  [1171] ldi #0xB0
      0850  D0  LDL RA, #16
      0851  35  LDH RA, #5
0852  [1172] mov m, ra
      0852  B8  MOV M, RA
0853  [1175] ldi $F_TMP_BASE_H
      0853  C0  LDL RA, #0
0854  [1176] mov marh, ra
      0854  A0  MOV MARH, RA
0855  [1177] ldi $F_T5_L
      0855  C5  LDL RA, #5
0856  [1178] mov marl, ra
      0856  98  MOV MARL, RA
0857  [1179] mov rb, m
      0857  97  MOV RB, M
0858  [1180] call oled_write_command
      0858  D0  LDL RA, #16
      0859  37  LDH RA, #7
      085A  A8  MOV PRL, RA
      085B  B4  MOV PRH, ZERO
      085C  07  JAL
085D  [1181] mov rd, rb
      085D  8A  MOV RD, RB
085E  [1182] cmp zero
      085E  7C  CMP ZERO
085F  [1183] jne @OLED_FILL_SCREEN__FAIL
      085F  D5  LDL RA, #21
      0860  36  LDH RA, #6
      0861  A8  MOV PRL, RA
      0862  C8  LDL RA, #8
      0863  B0  MOV PRH, RA
      0864  19  JNE
0865  [1185] ldi #0xFF
      0865  DF  LDL RA, #31
      0866  37  LDH RA, #7
0867  [1186] mov rb, ra
      0867  90  MOV RB, RA
0868  [1187] call oled_write_command
      0868  D0  LDL RA, #16
      0869  37  LDH RA, #7
      086A  A8  MOV PRL, RA
      086B  B4  MOV PRH, ZERO
      086C  07  JAL
086D  [1188] mov rd, rb
      086D  8A  MOV RD, RB
086E  [1189] cmp zero
      086E  7C  CMP ZERO
086F  [1190] jne @OLED_FILL_SCREEN__FAIL
      086F  D5  LDL RA, #21
      0870  36  LDH RA, #6
      0871  A8  MOV PRL, RA
      0872  C8  LDL RA, #8
      0873  B0  MOV PRH, RA
      0874  19  JNE
0875  [1192] ldi #0x10
      0875  D0  LDL RA, #16
0876  [1193] mov rb, ra
      0876  90  MOV RB, RA
0877  [1194] call oled_write_command
      0877  D0  LDL RA, #16
      0878  37  LDH RA, #7
      0879  A8  MOV PRL, RA
      087A  B4  MOV PRH, ZERO
      087B  07  JAL
087C  [1195] mov rd, rb
      087C  8A  MOV RD, RB
087D  [1196] cmp zero
      087D  7C  CMP ZERO
087E  [1197] jne @OLED_FILL_SCREEN__FAIL
      087E  D5  LDL RA, #21
      087F  36  LDH RA, #6
      0880  A8  MOV PRL, RA
      0881  C8  LDL RA, #8
      0882  B0  MOV PRH, RA
      0883  19  JNE
0884  [1199] call oled_begin_data_stream
      0884  D8  LDL RA, #24
      0885  35  LDH RA, #5
      0886  A8  MOV PRL, RA
      0887  C3  LDL RA, #3
      0888  B0  MOV PRH, RA
      0889  07  JAL
088A  [1200] mov rd, rb
      088A  8A  MOV RD, RB
088B  [1201] cmp zero
      088B  7C  CMP ZERO
088C  [1202] jne @OLED_FILL_SCREEN__FAIL
      088C  D5  LDL RA, #21
      088D  36  LDH RA, #6
      088E  A8  MOV PRL, RA
      088F  C8  LDL RA, #8
      0890  B0  MOV PRH, RA
      0891  19  JNE
0892  [1204] ldi $F_TMP_BASE_H
      0892  C0  LDL RA, #0
0893  [1205] mov marh, ra
      0893  A0  MOV MARH, RA
0894  [1206] ldi $F_T6_L
      0894  C6  LDL RA, #6
0895  [1207] mov marl, ra
      0895  98  MOV MARL, RA
0896  [1208] ldi #0x80
      0896  C0  LDL RA, #0
      0897  34  LDH RA, #4
0898  [1209] mov m, ra
      0898  B8  MOV M, RA
0899  [1212] ldi $F_TMP_BASE_H
      0899  C0  LDL RA, #0
089A  [1213] mov marh, ra
      089A  A0  MOV MARH, RA
089B  [1214] ldi $F_T4_L
      089B  C4  LDL RA, #4
089C  [1215] mov marl, ra
      089C  98  MOV MARL, RA
089D  [1216] mov rb, m
      089D  97  MOV RB, M
089E  [1217] call oled_stream_data_byte
      089E  D2  LDL RA, #18
      089F  36  LDH RA, #6
      08A0  A8  MOV PRL, RA
      08A1  C5  LDL RA, #5
      08A2  B0  MOV PRH, RA
      08A3  07  JAL
08A4  [1218] mov rd, rb
      08A4  8A  MOV RD, RB
08A5  [1219] cmp zero
      08A5  7C  CMP ZERO
08A6  [1220] jne @OLED_FILL_SCREEN__FAIL
      08A6  D5  LDL RA, #21
      08A7  36  LDH RA, #6
      08A8  A8  MOV PRL, RA
      08A9  C8  LDL RA, #8
      08AA  B0  MOV PRH, RA
      08AB  19  JNE
08AC  [1222] ldi $F_TMP_BASE_H
      08AC  C0  LDL RA, #0
08AD  [1223] mov marh, ra
      08AD  A0  MOV MARH, RA
08AE  [1224] ldi $F_T6_L
      08AE  C6  LDL RA, #6
08AF  [1225] mov marl, ra
      08AF  98  MOV MARL, RA
08B0  [1226] mov rd, m
      08B0  8F  MOV RD, M
08B1  [1227] subi #1
      08B1  69  SUBI #1
08B2  [1228] mov rd, acc
      08B2  8B  MOV RD, ACC
08B3  [1229] mov m, rd
      08B3  B9  MOV M, RD
08B4  [1230] jne @OLED_FILL_SCREEN__DATA_LOOP
      08B4  D9  LDL RA, #25
      08B5  34  LDH RA, #4
      08B6  A8  MOV PRL, RA
      08B7  C8  LDL RA, #8
      08B8  B0  MOV PRH, RA
      08B9  19  JNE
08BA  [1232] call oled_end_stream
      08BA  D6  LDL RA, #22
      08BB  34  LDH RA, #4
      08BC  A8  MOV PRL, RA
      08BD  C7  LDL RA, #7
      08BE  B0  MOV PRH, RA
      08BF  07  JAL
08C0  [1234] ldi $F_TMP_BASE_H
      08C0  C0  LDL RA, #0
08C1  [1235] mov marh, ra
      08C1  A0  MOV MARH, RA
08C2  [1236] ldi $F_T5_L
      08C2  C5  LDL RA, #5
08C3  [1237] mov marl, ra
      08C3  98  MOV MARL, RA
08C4  [1238] mov rd, m
      08C4  8F  MOV RD, M
08C5  [1239] addi #1
      08C5  49  ADDI #1
08C6  [1240] mov rd, acc
      08C6  8B  MOV RD, ACC
08C7  [1241] mov m, rd
      08C7  B9  MOV M, RD
08C8  [1243] ldi #0xB8
      08C8  D8  LDL RA, #24
      08C9  35  LDH RA, #5
08CA  [1244] cmp ra
      08CA  78  CMP RA
08CB  [1245] jne @OLED_FILL_SCREEN__PAGE_LOOP
      08CB  D3  LDL RA, #19
      08CC  32  LDH RA, #2
      08CD  A8  MOV PRL, RA
      08CE  C8  LDL RA, #8
      08CF  B0  MOV PRH, RA
      08D0  19  JNE
08D1  [1247] mov rb, zero
      08D1  94  MOV RB, ZERO
08D2  [1248] ret :stack
      08D2  2E  POP PRH
      08D3  2D  POP PRL
      08D4  1F  JMP
08D5  [1251] ret :stack
      08D5  2E  POP PRH
      08D6  2D  POP PRL
      08D7  1F  JMP
08D8  [2043] pop ra
      08D8  28  POP RA
08D9  [2044] push ra
      08D9  20  PUSH RA
08DA  [2046] push lrl
      08DA  25  PUSH LRL
08DB  [2047] push lrh
      08DB  26  PUSH LRH
08DC  [2050] call oled_set_page_column_direct
      08DC  D8  LDL RA, #24
      08DD  31  LDH RA, #1
      08DE  A8  MOV PRL, RA
      08DF  C3  LDL RA, #3
      08E0  B0  MOV PRH, RA
      08E1  07  JAL
08E2  [2051] mov rd, rb
      08E2  8A  MOV RD, RB
08E3  [2052] cmp zero
      08E3  7C  CMP ZERO
08E4  [2053] jne OLED_DRAW_SQUARE__FAIL
      08E4  D3  LDL RA, #19
      08E5  31  LDH RA, #1
      08E6  A8  MOV PRL, RA
      08E7  C9  LDL RA, #9
      08E8  B0  MOV PRH, RA
      08E9  19  JNE
08EA  [2055] call oled_begin_data_stream
      08EA  D8  LDL RA, #24
      08EB  35  LDH RA, #5
      08EC  A8  MOV PRL, RA
      08ED  C3  LDL RA, #3
      08EE  B0  MOV PRH, RA
      08EF  07  JAL
08F0  [2056] mov rd, rb
      08F0  8A  MOV RD, RB
08F1  [2057] cmp zero
      08F1  7C  CMP ZERO
08F2  [2058] jne OLED_DRAW_SQUARE__FAIL
      08F2  D3  LDL RA, #19
      08F3  31  LDH RA, #1
      08F4  A8  MOV PRL, RA
      08F5  C9  LDL RA, #9
      08F6  B0  MOV PRH, RA
      08F7  19  JNE
08F8  [2062] pop rb
      08F8  2A  POP RB
08F9  [2063] pop rd
      08F9  29  POP RD
08FA  [2064] pop ra
      08FA  28  POP RA
08FB  [2065] push rd
      08FB  21  PUSH RD
08FC  [2066] push rb
      08FC  22  PUSH RB
08FD  [2067] mov rd, ra
      08FD  88  MOV RD, RA
08FE  [2070] cmp zero
      08FE  7C  CMP ZERO
08FF  [2071] jeq OLED_DRAW_SQUARE__END_STREAM
      08FF  C1  LDL RA, #1
      0900  31  LDH RA, #1
      0901  A8  MOV PRL, RA
      0902  C9  LDL RA, #9
      0903  B0  MOV PRH, RA
      0904  18  JEQ
0905  [2073] ldi #0xFF
      0905  DF  LDL RA, #31
      0906  37  LDH RA, #7
0907  [2074] mov rb, ra
      0907  90  MOV RB, RA
0908  [2075] push rd
      0908  21  PUSH RD
0909  [2076] call oled_stream_data_byte
      0909  D2  LDL RA, #18
      090A  36  LDH RA, #6
      090B  A8  MOV PRL, RA
      090C  C5  LDL RA, #5
      090D  B0  MOV PRH, RA
      090E  07  JAL
090F  [2077] pop ra
      090F  28  POP RA
0910  [2078] mov rd, rb
      0910  8A  MOV RD, RB
0911  [2079] cmp zero
      0911  7C  CMP ZERO
0912  [2080] mov rd, ra
      0912  88  MOV RD, RA
0913  [2081] jne OLED_DRAW_SQUARE__FAIL
      0913  D3  LDL RA, #19
      0914  31  LDH RA, #1
      0915  A8  MOV PRL, RA
      0916  C9  LDL RA, #9
      0917  B0  MOV PRH, RA
      0918  19  JNE
0919  [2083] subi #1
      0919  69  SUBI #1
091A  [2084] mov rd, acc
      091A  8B  MOV RD, ACC
091B  [2085] jmp OLED_DRAW_SQUARE__SQUARE_LOOP
      091B  DE  LDL RA, #30
      091C  37  LDH RA, #7
      091D  A8  MOV PRL, RA
      091E  C8  LDL RA, #8
      091F  B0  MOV PRH, RA
      0920  1F  JMP
0921  [2089] call oled_end_stream
      0921  D6  LDL RA, #22
      0922  34  LDH RA, #4
      0923  A8  MOV PRL, RA
      0924  C7  LDL RA, #7
      0925  B0  MOV PRH, RA
      0926  07  JAL
0927  [2090] mov rd, rb
      0927  8A  MOV RD, RB
0928  [2091] cmp zero
      0928  7C  CMP ZERO
0929  [2092] jne OLED_DRAW_SQUARE__FAIL
      0929  D3  LDL RA, #19
      092A  31  LDH RA, #1
      092B  A8  MOV PRL, RA
      092C  C9  LDL RA, #9
      092D  B0  MOV PRH, RA
      092E  19  JNE
092F  [2095] mov rb, zero
      092F  94  MOV RB, ZERO
0930  [2096] ret :stack
      0930  2E  POP PRH
      0931  2D  POP PRL
      0932  1F  JMP
0933  [2099] ret :stack
      0933  2E  POP PRH
      0934  2D  POP PRL
      0935  1F  JMP
0936  [2119] pop ra
      0936  28  POP RA
0937  [2120] push ra
      0937  20  PUSH RA
0938  [2122] push lrl
      0938  25  PUSH LRL
0939  [2123] push lrh
      0939  26  PUSH LRH
093A  [2126] call oled_set_page_column_direct
      093A  D8  LDL RA, #24
      093B  31  LDH RA, #1
      093C  A8  MOV PRL, RA
      093D  C3  LDL RA, #3
      093E  B0  MOV PRH, RA
      093F  07  JAL
0940  [2127] mov rd, rb
      0940  8A  MOV RD, RB
0941  [2128] cmp zero
      0941  7C  CMP ZERO
0942  [2129] jne OLED_CLEAR_SQUARE__FAIL
      0942  D0  LDL RA, #16
      0943  34  LDH RA, #4
      0944  A8  MOV PRL, RA
      0945  C9  LDL RA, #9
      0946  B0  MOV PRH, RA
      0947  19  JNE
0948  [2131] call oled_begin_data_stream
      0948  D8  LDL RA, #24
      0949  35  LDH RA, #5
      094A  A8  MOV PRL, RA
      094B  C3  LDL RA, #3
      094C  B0  MOV PRH, RA
      094D  07  JAL
094E  [2132] mov rd, rb
      094E  8A  MOV RD, RB
094F  [2133] cmp zero
      094F  7C  CMP ZERO
0950  [2134] jne OLED_CLEAR_SQUARE__FAIL
      0950  D0  LDL RA, #16
      0951  34  LDH RA, #4
      0952  A8  MOV PRL, RA
      0953  C9  LDL RA, #9
      0954  B0  MOV PRH, RA
      0955  19  JNE
0956  [2138] pop rb
      0956  2A  POP RB
0957  [2139] pop rd
      0957  29  POP RD
0958  [2140] pop ra
      0958  28  POP RA
0959  [2141] push rd
      0959  21  PUSH RD
095A  [2142] push rb
      095A  22  PUSH RB
095B  [2143] mov rd, ra
      095B  88  MOV RD, RA
095C  [2146] cmp zero
      095C  7C  CMP ZERO
095D  [2147] jeq OLED_CLEAR_SQUARE__END_STREAM
      095D  DE  LDL RA, #30
      095E  33  LDH RA, #3
      095F  A8  MOV PRL, RA
      0960  C9  LDL RA, #9
      0961  B0  MOV PRH, RA
      0962  18  JEQ
0963  [2149] ldi #0x00
      0963  C0  LDL RA, #0
0964  [2150] mov rb, ra
      0964  90  MOV RB, RA
0965  [2151] push rd
      0965  21  PUSH RD
0966  [2152] call oled_stream_data_byte
      0966  D2  LDL RA, #18
      0967  36  LDH RA, #6
      0968  A8  MOV PRL, RA
      0969  C5  LDL RA, #5
      096A  B0  MOV PRH, RA
      096B  07  JAL
096C  [2153] pop ra
      096C  28  POP RA
096D  [2154] mov rd, rb
      096D  8A  MOV RD, RB
096E  [2155] cmp zero
      096E  7C  CMP ZERO
096F  [2156] mov rd, ra
      096F  88  MOV RD, RA
0970  [2157] jne OLED_CLEAR_SQUARE__FAIL
      0970  D0  LDL RA, #16
      0971  34  LDH RA, #4
      0972  A8  MOV PRL, RA
      0973  C9  LDL RA, #9
      0974  B0  MOV PRH, RA
      0975  19  JNE
0976  [2159] subi #1
      0976  69  SUBI #1
0977  [2160] mov rd, acc
      0977  8B  MOV RD, ACC
0978  [2161] jmp OLED_CLEAR_SQUARE__SQUARE_LOOP
      0978  DC  LDL RA, #28
      0979  32  LDH RA, #2
      097A  A8  MOV PRL, RA
      097B  C9  LDL RA, #9
      097C  B0  MOV PRH, RA
      097D  1F  JMP
097E  [2165] call oled_end_stream
      097E  D6  LDL RA, #22
      097F  34  LDH RA, #4
      0980  A8  MOV PRL, RA
      0981  C7  LDL RA, #7
      0982  B0  MOV PRH, RA
      0983  07  JAL
0984  [2166] mov rd, rb
      0984  8A  MOV RD, RB
0985  [2167] cmp zero
      0985  7C  CMP ZERO
0986  [2168] jne OLED_CLEAR_SQUARE__FAIL
      0986  D0  LDL RA, #16
      0987  34  LDH RA, #4
      0988  A8  MOV PRL, RA
      0989  C9  LDL RA, #9
      098A  B0  MOV PRH, RA
      098B  19  JNE
098C  [2171] mov rb, zero
      098C  94  MOV RB, ZERO
098D  [2172] ret :stack
      098D  2E  POP PRH
      098E  2D  POP PRL
      098F  1F  JMP
0990  [2175] ret :stack
      0990  2E  POP PRH
      0991  2D  POP PRL
      0992  1F  JMP
